#
# There is insufficient memory for the Java Runtime Environment to continue.
# Native memory allocation (malloc) failed to allocate 32744 bytes. Error detail: Chunk::new
# Possible reasons:
#   The system is out of physical RAM or swap space
#   This process is running with CompressedOops enabled, and the Java Heap may be blocking the growth of the native heap
# Possible solutions:
#   Reduce memory load on the system
#   Increase physical memory or swap space
#   Check if swap backing store is full
#   Decrease Java heap size (-Xmx/-Xms)
#   Decrease number of Java threads
#   Decrease Java thread stack sizes (-Xss)
#   Set larger code cache with -XX:ReservedCodeCacheSize=
#   JVM is running with Unscaled Compressed Oops mode in which the Java heap is
#     placed in the first 4GB address space. The Java Heap base address is the
#     maximum limit for the native heap growth. Please use -XX:HeapBaseMinAddress
#     to set the Java Heap base and to place the Java Heap above 4GB virtual address.
# This output file may be truncated or incomplete.
#
#  Out of Memory Error (arena.cpp:149), pid=3168, tid=17240
#
# JRE version: Java(TM) SE Runtime Environment (23.0.2+7) (build 23.0.2+7-58)
# Java VM: Java HotSpot(TM) 64-Bit Server VM (23.0.2+7-58, mixed mode, sharing, tiered, compressed oops, compressed class ptrs, g1 gc, windows-amd64)
# No core dump will be written. Minidumps are not enabled by default on client versions of Windows
#

---------------  S U M M A R Y ------------

Command Line: c:\Users\hi\.vscode\extensions\salesforce.salesforce-vscode-slds-2.0.12\lsp-2.0.12-executable.jar --PORT=62744

Host: Intel(R) Core(TM) i5-7200U CPU @ 2.50GHz, 4 cores, 3G,  Windows 10 , 64 bit Build 19041 (10.0.19041.5438)
Time: Fri Mar 14 13:46:27 2025 India Standard Time elapsed time: 33.483801 seconds (0d 0h 0m 33s)

---------------  T H R E A D  ---------------

Current thread (0x000002d14112d740):  JavaThread "C2 CompilerThread0" daemon [_thread_in_native, id=17240, stack(0x000000f09cf00000,0x000000f09d000000) (1024K)]


Current CompileTask:
C2:33487 6243       4       java.text.DecimalFormat::applyPattern (1638 bytes)

Stack: [0x000000f09cf00000,0x000000f09d000000]
Native frames: (J=compiled Java code, j=interpreted, Vv=VM code, C=native code)
V  [jvm.dll+0x6e0b99]  (no source info available)
V  [jvm.dll+0x87e2b3]  (no source info available)
V  [jvm.dll+0x88073e]  (no source info available)
V  [jvm.dll+0x880e13]  (no source info available)
V  [jvm.dll+0x27b006]  (no source info available)
V  [jvm.dll+0xbc06f]  (no source info available)
V  [jvm.dll+0xbc2cb]  (no source info available)
V  [jvm.dll+0x3b90b8]  (no source info available)
V  [jvm.dll+0x5e8888]  (no source info available)
V  [jvm.dll+0x5e7966]  (no source info available)
V  [jvm.dll+0x5e81e5]  (no source info available)
V  [jvm.dll+0x38a58a]  (no source info available)
V  [jvm.dll+0x3899ca]  (no source info available)
V  [jvm.dll+0x244ba1]  (no source info available)
V  [jvm.dll+0x243eff]  (no source info available)
V  [jvm.dll+0x1c34b0]  (no source info available)
V  [jvm.dll+0x253df1]  (no source info available)
V  [jvm.dll+0x2520aa]  (no source info available)
V  [jvm.dll+0x3ee226]  (no source info available)
V  [jvm.dll+0x8254cb]  (no source info available)
V  [jvm.dll+0x6df345]  (no source info available)
C  [ucrtbase.dll+0x21bb2]  (no source info available)
C  [KERNEL32.DLL+0x17374]  (no source info available)
C  [ntdll.dll+0x4cc91]  (no source info available)

Lock stack of current Java thread (top to bottom):


---------------  P R O C E S S  ---------------

Threads class SMR info:
_java_thread_list=0x000002d146b936c0, length=16, elements={
0x000002d141122770, 0x000002d141123bf0, 0x000002d14112a580, 0x000002d14112afe0,
0x000002d14112ba40, 0x000002d14112c650, 0x000002d14112d740, 0x000002d14112ecf0,
0x000002d1412b82f0, 0x000002d1412c57b0, 0x000002d14149e2f0, 0x000002d146840c50,
0x000002d1468405c0, 0x000002d146841970, 0x000002d146842690, 0x000002d146842d20
}

Java Threads: ( => current thread )
  0x000002d141122770 JavaThread "Reference Handler"          daemon [_thread_blocked, id=3020, stack(0x000000f09c900000,0x000000f09ca00000) (1024K)]
  0x000002d141123bf0 JavaThread "Finalizer"                  daemon [_thread_blocked, id=1708, stack(0x000000f09ca00000,0x000000f09cb00000) (1024K)]
  0x000002d14112a580 JavaThread "Signal Dispatcher"          daemon [_thread_blocked, id=4676, stack(0x000000f09cb00000,0x000000f09cc00000) (1024K)]
  0x000002d14112afe0 JavaThread "Attach Listener"            daemon [_thread_blocked, id=6020, stack(0x000000f09cc00000,0x000000f09cd00000) (1024K)]
  0x000002d14112ba40 JavaThread "Service Thread"             daemon [_thread_blocked, id=16656, stack(0x000000f09cd00000,0x000000f09ce00000) (1024K)]
  0x000002d14112c650 JavaThread "Monitor Deflation Thread"   daemon [_thread_blocked, id=2816, stack(0x000000f09ce00000,0x000000f09cf00000) (1024K)]
=>0x000002d14112d740 JavaThread "C2 CompilerThread0"         daemon [_thread_in_native, id=17240, stack(0x000000f09cf00000,0x000000f09d000000) (1024K)]
  0x000002d14112ecf0 JavaThread "C1 CompilerThread0"         daemon [_thread_blocked, id=12408, stack(0x000000f09d000000,0x000000f09d100000) (1024K)]
  0x000002d1412b82f0 JavaThread "Notification Thread"        daemon [_thread_blocked, id=852, stack(0x000000f09d100000,0x000000f09d200000) (1024K)]
  0x000002d1412c57b0 JavaThread "Common-Cleaner"             daemon [_thread_blocked, id=13172, stack(0x000000f09d200000,0x000000f09d300000) (1024K)]
  0x000002d14149e2f0 JavaThread "Cleaner-0"                  daemon [_thread_blocked, id=11568, stack(0x000000f09d300000,0x000000f09d400000) (1024K)]
  0x000002d146840c50 JavaThread "pool-1-thread-1"                   [_thread_in_Java, id=17372, stack(0x000000f09d700000,0x000000f09d800000) (1024K)]
  0x000002d1468405c0 JavaThread "DestroyJavaVM"                     [_thread_blocked, id=12704, stack(0x000000f09c100000,0x000000f09c200000) (1024K)]
  0x000002d146841970 JavaThread "ForkJoinPool.commonPool-worker-1" daemon [_thread_blocked, id=2240, stack(0x000000f09d800000,0x000000f09d900000) (1024K)]
  0x000002d146842690 JavaThread "ForkJoinPool.commonPool-worker-2" daemon [_thread_in_Java, id=3432, stack(0x000000f09d900000,0x000000f09da00000) (1024K)]
  0x000002d146842d20 JavaThread "ForkJoinPool.commonPool-worker-3" daemon [_thread_in_Java, id=4836, stack(0x000000f09da00000,0x000000f09db00000) (1024K)]
Total: 16

Other Threads:
  0x000002d154d0a7e0 VMThread "VM Thread"                           [id=11224, stack(0x000000f09c800000,0x000000f09c900000) (1024K)] _threads_hazard_ptr=0x000002d146b936c0
  0x000002d14111cc70 WatcherThread "VM Periodic Task Thread"        [id=3152, stack(0x000000f09c700000,0x000000f09c800000) (1024K)]
  0x000002d154c856f0 WorkerThread "GC Thread#0"                     [id=7516, stack(0x000000f09c200000,0x000000f09c300000) (1024K)]
  0x000002d141db0100 WorkerThread "GC Thread#1"                     [id=4332, stack(0x000000f09d400000,0x000000f09d500000) (1024K)]
  0x000002d141d42450 WorkerThread "GC Thread#2"                     [id=16592, stack(0x000000f09d500000,0x000000f09d600000) (1024K)]
  0x000002d141d42800 WorkerThread "GC Thread#3"                     [id=8732, stack(0x000000f09d600000,0x000000f09d700000) (1024K)]
  0x000002d154c91160 ConcurrentGCThread "G1 Main Marker"            [id=12968, stack(0x000000f09c300000,0x000000f09c400000) (1024K)]
  0x000002d154c91d30 WorkerThread "G1 Conc#0"                       [id=10960, stack(0x000000f09c400000,0x000000f09c500000) (1024K)]
  0x000002d154cea3a0 ConcurrentGCThread "G1 Refine#0"               [id=2944, stack(0x000000f09c500000,0x000000f09c600000) (1024K)]
  0x000002d154cebe40 ConcurrentGCThread "G1 Service"                [id=9076, stack(0x000000f09c600000,0x000000f09c700000) (1024K)]
Total: 10

Threads with active compile tasks:
C2 CompilerThread0  34162 6243       4       java.text.DecimalFormat::applyPattern (1638 bytes)
Total: 1

VM state: synchronizing (normal execution)

VM Mutex/Monitor currently owned by a thread:  ([mutex/lock_event])
[0x00007ffc7a724888] Threads_lock - owner thread: 0x000002d154d0a7e0
[0x00007ffc7a724988] Heap_lock - owner thread: 0x000002d154c91160

Heap address: 0x00000000c2000000, size: 992 MB, Compressed Oops mode: 32-bit

CDS archive(s) mapped at: [0x000002d100000000-0x000002d100d70000-0x000002d100d70000), size 14090240, SharedBaseAddress: 0x000002d100000000, ArchiveRelocationMode: 1.
Compressed class space mapped at: 0x000002d101000000-0x000002d141000000, reserved size: 1073741824
Narrow klass base: 0x000002d100000000, Narrow klass shift: 0, Narrow klass range: 0x41000000

GC Precious Log:
 CardTable entry size: 512
 Card Set container configuration: InlinePtr #cards 5 size 8 Array Of Cards #cards 10 size 36 Howl #buckets 4 coarsen threshold 1843 Howl Bitmap #cards 512 size 80 coarsen threshold 460 Card regions per heap region 1 cards per card region 2048
 CPUs: 4 total, 4 available
 Memory: 3962M
 Large Page Support: Disabled
 NUMA Support: Disabled
 Compressed Oops: Enabled (32-bit)
 Heap Region Size: 1M
 Heap Min Capacity: 8M
 Heap Initial Capacity: 62M
 Heap Max Capacity: 992M
 Pre-touch: Disabled
 Parallel Workers: 4
 Concurrent Workers: 1
 Concurrent Refinement Workers: 4
 Periodic GC: Disabled

Heap:
 garbage-first heap   total reserved 1015808K, committed 53248K, used 23735K [0x00000000c2000000, 0x0000000100000000)
  region size 1024K, 10 young (10240K), 2 survivors (2048K)
 Metaspace       used 31602K, committed 32128K, reserved 1114112K
  class space    used 3911K, committed 4160K, reserved 1048576K

Heap Regions: E=young(eden), S=young(survivor), O=old, HS=humongous(starts), HC=humongous(continues), CS=collection set, F=free, TAMS=top-at-mark-start, PB=parsable bottom
|   0|0x00000000c2000000, 0x00000000c2100000, 0x00000000c2100000|100%| O|  |TAMS 0x00000000c2100000| PB 0x00000000c2000000| Untracked |  0
|   1|0x00000000c2100000, 0x00000000c2200000, 0x00000000c2200000|100%| O|  |TAMS 0x00000000c2200000| PB 0x00000000c2100000| Untracked |  0
|   2|0x00000000c2200000, 0x00000000c2300000, 0x00000000c2300000|100%| O|  |TAMS 0x00000000c2300000| PB 0x00000000c2200000| Untracked |  0
|   3|0x00000000c2300000, 0x00000000c2400000, 0x00000000c2400000|100%| O|  |TAMS 0x00000000c2400000| PB 0x00000000c2300000| Untracked |  0
|   4|0x00000000c2400000, 0x00000000c2500000, 0x00000000c2500000|100%| O|  |TAMS 0x00000000c2500000| PB 0x00000000c2400000| Untracked |  0
|   5|0x00000000c2500000, 0x00000000c2600000, 0x00000000c2600000|100%| O|  |TAMS 0x00000000c2600000| PB 0x00000000c2500000| Untracked |  0
|   6|0x00000000c2600000, 0x00000000c2600000, 0x00000000c2700000|  0%| F|  |TAMS 0x00000000c2600000| PB 0x00000000c2600000| Untracked |  0
|   7|0x00000000c2700000, 0x00000000c2722440, 0x00000000c2800000| 13%| O|  |TAMS 0x00000000c2722440| PB 0x00000000c2700000| Untracked |  0
|   8|0x00000000c2800000, 0x00000000c2900000, 0x00000000c2900000|100%| O|  |TAMS 0x00000000c2900000| PB 0x00000000c2800000| Untracked |  0
|   9|0x00000000c2900000, 0x00000000c2a00000, 0x00000000c2a00000|100%| O|  |TAMS 0x00000000c2a00000| PB 0x00000000c2900000| Untracked |  0
|  10|0x00000000c2a00000, 0x00000000c2b00000, 0x00000000c2b00000|100%| O|  |TAMS 0x00000000c2b00000| PB 0x00000000c2a00000| Untracked |  0
|  11|0x00000000c2b00000, 0x00000000c2c00000, 0x00000000c2c00000|100%| O|  |TAMS 0x00000000c2c00000| PB 0x00000000c2b00000| Untracked |  0
|  12|0x00000000c2c00000, 0x00000000c2d00000, 0x00000000c2d00000|100%| O|  |TAMS 0x00000000c2d00000| PB 0x00000000c2c00000| Untracked |  0
|  13|0x00000000c2d00000, 0x00000000c2e00000, 0x00000000c2e00000|100%| O|  |TAMS 0x00000000c2e00000| PB 0x00000000c2d00000| Untracked |  0
|  14|0x00000000c2e00000, 0x00000000c2f00000, 0x00000000c2f00000|100%| O|  |TAMS 0x00000000c2f00000| PB 0x00000000c2e00000| Untracked |  0
|  15|0x00000000c2f00000, 0x00000000c3000000, 0x00000000c3000000|100%| O|  |TAMS 0x00000000c3000000| PB 0x00000000c2f00000| Untracked |  0
|  16|0x00000000c3000000, 0x00000000c3100000, 0x00000000c3100000|100%| O|  |TAMS 0x00000000c3100000| PB 0x00000000c3000000| Untracked |  0
|  17|0x00000000c3100000, 0x00000000c3100000, 0x00000000c3200000|  0%| F|  |TAMS 0x00000000c3100000| PB 0x00000000c3100000| Untracked |  0
|  18|0x00000000c3200000, 0x00000000c3200000, 0x00000000c3300000|  0%| F|  |TAMS 0x00000000c3200000| PB 0x00000000c3200000| Untracked |  0
|  19|0x00000000c3300000, 0x00000000c3300000, 0x00000000c3400000|  0%| F|  |TAMS 0x00000000c3300000| PB 0x00000000c3300000| Untracked |  0
|  20|0x00000000c3400000, 0x00000000c3400000, 0x00000000c3500000|  0%| F|  |TAMS 0x00000000c3400000| PB 0x00000000c3400000| Untracked |  0
|  21|0x00000000c3500000, 0x00000000c3500000, 0x00000000c3600000|  0%| F|  |TAMS 0x00000000c3500000| PB 0x00000000c3500000| Untracked |  0
|  22|0x00000000c3600000, 0x00000000c360bb28, 0x00000000c3700000|  4%| S|CS|TAMS 0x00000000c3600000| PB 0x00000000c3600000| Complete |  0
|  23|0x00000000c3700000, 0x00000000c3800000, 0x00000000c3800000|100%| S|CS|TAMS 0x00000000c3700000| PB 0x00000000c3700000| Complete |  0
|  24|0x00000000c3800000, 0x00000000c3800000, 0x00000000c3900000|  0%| F|  |TAMS 0x00000000c3800000| PB 0x00000000c3800000| Untracked |  0
|  25|0x00000000c3900000, 0x00000000c3900000, 0x00000000c3a00000|  0%| F|  |TAMS 0x00000000c3900000| PB 0x00000000c3900000| Untracked |  0
|  26|0x00000000c3a00000, 0x00000000c3a00000, 0x00000000c3b00000|  0%| F|  |TAMS 0x00000000c3a00000| PB 0x00000000c3a00000| Untracked |  0
|  27|0x00000000c3b00000, 0x00000000c3b00000, 0x00000000c3c00000|  0%| F|  |TAMS 0x00000000c3b00000| PB 0x00000000c3b00000| Untracked |  0
|  28|0x00000000c3c00000, 0x00000000c3c00000, 0x00000000c3d00000|  0%| F|  |TAMS 0x00000000c3c00000| PB 0x00000000c3c00000| Untracked |  0
|  29|0x00000000c3d00000, 0x00000000c3d00000, 0x00000000c3e00000|  0%| F|  |TAMS 0x00000000c3d00000| PB 0x00000000c3d00000| Untracked |  0
|  30|0x00000000c3e00000, 0x00000000c3e00000, 0x00000000c3f00000|  0%| F|  |TAMS 0x00000000c3e00000| PB 0x00000000c3e00000| Untracked |  0
|  31|0x00000000c3f00000, 0x00000000c3f00000, 0x00000000c4000000|  0%| F|  |TAMS 0x00000000c3f00000| PB 0x00000000c3f00000| Untracked |  0
|  32|0x00000000c4000000, 0x00000000c4000000, 0x00000000c4100000|  0%| F|  |TAMS 0x00000000c4000000| PB 0x00000000c4000000| Untracked |  0
|  33|0x00000000c4100000, 0x00000000c4100000, 0x00000000c4200000|  0%| F|  |TAMS 0x00000000c4100000| PB 0x00000000c4100000| Untracked |  0
|  34|0x00000000c4200000, 0x00000000c4200000, 0x00000000c4300000|  0%| F|  |TAMS 0x00000000c4200000| PB 0x00000000c4200000| Untracked |  0
|  35|0x00000000c4300000, 0x00000000c4300000, 0x00000000c4400000|  0%| F|  |TAMS 0x00000000c4300000| PB 0x00000000c4300000| Untracked |  0
|  36|0x00000000c4400000, 0x00000000c4400000, 0x00000000c4500000|  0%| F|  |TAMS 0x00000000c4400000| PB 0x00000000c4400000| Untracked |  0
|  37|0x00000000c4500000, 0x00000000c4500000, 0x00000000c4600000|  0%| F|  |TAMS 0x00000000c4500000| PB 0x00000000c4500000| Untracked |  0
|  38|0x00000000c4600000, 0x00000000c4600000, 0x00000000c4700000|  0%| F|  |TAMS 0x00000000c4600000| PB 0x00000000c4600000| Untracked |  0
|  39|0x00000000c4700000, 0x00000000c4700000, 0x00000000c4800000|  0%| F|  |TAMS 0x00000000c4700000| PB 0x00000000c4700000| Untracked |  0
|  40|0x00000000c4800000, 0x00000000c4800000, 0x00000000c4900000|  0%| F|  |TAMS 0x00000000c4800000| PB 0x00000000c4800000| Untracked |  0
|  41|0x00000000c4900000, 0x00000000c4900000, 0x00000000c4a00000|  0%| F|  |TAMS 0x00000000c4900000| PB 0x00000000c4900000| Untracked |  0
|  42|0x00000000c4a00000, 0x00000000c4a00000, 0x00000000c4b00000|  0%| F|  |TAMS 0x00000000c4a00000| PB 0x00000000c4a00000| Untracked |  0
|  43|0x00000000c4b00000, 0x00000000c4b00000, 0x00000000c4c00000|  0%| F|  |TAMS 0x00000000c4b00000| PB 0x00000000c4b00000| Untracked |  0
|  44|0x00000000c4c00000, 0x00000000c4c761a0, 0x00000000c4d00000| 46%| E|  |TAMS 0x00000000c4c00000| PB 0x00000000c4c00000| Complete |  0
|  45|0x00000000c4d00000, 0x00000000c4e00000, 0x00000000c4e00000|100%| E|CS|TAMS 0x00000000c4d00000| PB 0x00000000c4d00000| Complete |  0
|  46|0x00000000c4e00000, 0x00000000c4f00000, 0x00000000c4f00000|100%| E|CS|TAMS 0x00000000c4e00000| PB 0x00000000c4e00000| Complete |  0
|  47|0x00000000c4f00000, 0x00000000c5000000, 0x00000000c5000000|100%| E|CS|TAMS 0x00000000c4f00000| PB 0x00000000c4f00000| Complete |  0
|  48|0x00000000c5000000, 0x00000000c5100000, 0x00000000c5100000|100%| E|CS|TAMS 0x00000000c5000000| PB 0x00000000c5000000| Complete |  0
|  49|0x00000000c5100000, 0x00000000c5200000, 0x00000000c5200000|100%| E|CS|TAMS 0x00000000c5100000| PB 0x00000000c5100000| Complete |  0
|  50|0x00000000c5200000, 0x00000000c5300000, 0x00000000c5300000|100%| E|CS|TAMS 0x00000000c5200000| PB 0x00000000c5200000| Complete |  0
|  61|0x00000000c5d00000, 0x00000000c5e00000, 0x00000000c5e00000|100%| E|CS|TAMS 0x00000000c5d00000| PB 0x00000000c5d00000| Complete |  0

Card table byte_map: [0x000002d16c590000,0x000002d16c780000] _byte_map_base: 0x000002d16bf80000

Marking Bits: (CMBitMap*) 0x000002d154c86d20
 Bits: [0x000002d16c780000, 0x000002d16d700000)

Polling page: 0x000002d152b60000

Metaspace:

Usage:
  Non-class:     27.04 MB used.
      Class:      3.82 MB used.
       Both:     30.86 MB used.

Virtual space:
  Non-class space:       64.00 MB reserved,      27.31 MB ( 43%) committed,  1 nodes.
      Class space:        1.00 GB reserved,       4.06 MB ( <1%) committed,  1 nodes.
             Both:        1.06 GB reserved,      31.38 MB (  3%) committed. 

Chunk freelists:
   Non-Class:  4.51 MB
       Class:  11.98 MB
        Both:  16.50 MB

MaxMetaspaceSize: unlimited
CompressedClassSpaceSize: 1.00 GB
Initial GC threshold: 21.00 MB
Current GC threshold: 52.19 MB
CDS: on
 - commit_granule_bytes: 65536.
 - commit_granule_words: 8192.
 - virtual_space_node_default_size: 8388608.
 - enlarge_chunks_in_place: 1.
 - use_allocation_guard: 0.


Internal statistics:

num_allocs_failed_limit: 3.
num_arena_births: 624.
num_arena_deaths: 0.
num_vsnodes_births: 2.
num_vsnodes_deaths: 0.
num_space_committed: 502.
num_space_uncommitted: 0.
num_chunks_returned_to_freelist: 3.
num_chunks_taken_from_freelist: 1781.
num_chunk_merges: 3.
num_chunk_splits: 1221.
num_chunks_enlarged: 876.
num_inconsistent_stats: 0.

CodeHeap 'non-profiled nmethods': size=120064Kb used=1907Kb max_used=2031Kb free=118156Kb
 bounds [0x000002d164e60000, 0x000002d1650d0000, 0x000002d16c3a0000]
CodeHeap 'profiled nmethods': size=120000Kb used=8081Kb max_used=8327Kb free=111918Kb
 bounds [0x000002d15d3a0000, 0x000002d15dbd0000, 0x000002d1648d0000]
CodeHeap 'non-nmethods': size=5696Kb used=1550Kb max_used=1587Kb free=4145Kb
 bounds [0x000002d1648d0000, 0x000002d164b40000, 0x000002d164e60000]
CodeCache: size=245760Kb, used=11538Kb, max_used=11945Kb, free=234219Kb
 total_blobs=6004, nmethods=5371, adapters=538, full_count=0
Compilation: enabled, stopped_count=0, restarted_count=0

Compilation events (20 events):
Event: 33.452 Thread 0x000002d14112ecf0 6375       2       java.lang.invoke.Invokers$Holder::linkToTargetMethod (15 bytes)
Event: 33.453 Thread 0x000002d14112ecf0 nmethod 6375 0x000002d15db5e408 code [0x000002d15db5e540, 0x000002d15db5e6c8]
Event: 33.453 Thread 0x000002d14112ecf0 6371       1       com.google.common.collect.ImmutableCollection::internalArray (2 bytes)
Event: 33.453 Thread 0x000002d14112ecf0 nmethod 6371 0x000002d164f60908 code [0x000002d164f60a20, 0x000002d164f60af0]
Event: 33.454 Thread 0x000002d14112ecf0 6376       2       com.google.common.collect.ImmutableCollection::<init> (5 bytes)
Event: 33.454 Thread 0x000002d14112ecf0 nmethod 6376 0x000002d15d771908 code [0x000002d15d771a20, 0x000002d15d771b28]
Event: 33.454 Thread 0x000002d14112ecf0 6377       2       java.util.regex.Pattern$BitClass::<init> (14 bytes)
Event: 33.455 Thread 0x000002d14112ecf0 nmethod 6377 0x000002d15d8e6508 code [0x000002d15d8e6620, 0x000002d15d8e6810]
Event: 33.455 Thread 0x000002d14112ecf0 6378       2       com.google.common.collect.ImmutableList::<init> (5 bytes)
Event: 33.455 Thread 0x000002d14112ecf0 nmethod 6378 0x000002d15d8e6208 code [0x000002d15d8e6320, 0x000002d15d8e6428]
Event: 33.455 Thread 0x000002d14112ecf0 6379       2       java.util.ArrayList::hashCodeRange (68 bytes)
Event: 33.456 Thread 0x000002d14112ecf0 nmethod 6379 0x000002d15d8e5c08 code [0x000002d15d8e5d40, 0x000002d15d8e6020]
Event: 33.457 Thread 0x000002d14112ecf0 6380       2       java.lang.invoke.MethodHandles::constant (88 bytes)
Event: 33.458 Thread 0x000002d14112ecf0 nmethod 6380 0x000002d15d922988 code [0x000002d15d922ba0, 0x000002d15d9233a0]
Event: 33.458 Thread 0x000002d14112ecf0 6381       2       java.lang.invoke.MethodHandle::bindTo (19 bytes)
Event: 33.459 Thread 0x000002d14112ecf0 nmethod 6381 0x000002d15db77588 code [0x000002d15db776e0, 0x000002d15db77a48]
Event: 33.459 Thread 0x000002d14112ecf0 6382       2       java.lang.invoke.MethodType::leadingReferenceParameter (30 bytes)
Event: 33.459 Thread 0x000002d14112ecf0 nmethod 6382 0x000002d15db77208 code [0x000002d15db77340, 0x000002d15db77550]
Event: 33.459 Thread 0x000002d14112ecf0 6383       2       java.lang.invoke.MethodHandle::bindArgumentL (10 bytes)
Event: 33.460 Thread 0x000002d14112ecf0 nmethod 6383 0x000002d15db76c88 code [0x000002d15db76de0, 0x000002d15db77068]

GC Heap History (20 events):
Event: 30.978 GC heap before
{Heap before GC invocations=18 (full 0):
 garbage-first heap   total reserved 1015808K, committed 30720K, used 23747K [0x00000000c2000000, 0x0000000100000000)
  region size 1024K, 10 young (10240K), 2 survivors (2048K)
 Metaspace       used 28813K, committed 29312K, reserved 1114112K
  class space    used 3577K, committed 3840K, reserved 1048576K
}
Event: 30.981 GC heap after
{Heap after GC invocations=19 (full 0):
 garbage-first heap   total reserved 1015808K, committed 30720K, used 16881K [0x00000000c2000000, 0x0000000100000000)
  region size 1024K, 2 young (2048K), 2 survivors (2048K)
 Metaspace       used 28813K, committed 29312K, reserved 1114112K
  class space    used 3577K, committed 3840K, reserved 1048576K
}
Event: 31.916 GC heap before
{Heap before GC invocations=19 (full 0):
 garbage-first heap   total reserved 1015808K, committed 30720K, used 25073K [0x00000000c2000000, 0x0000000100000000)
  region size 1024K, 10 young (10240K), 2 survivors (2048K)
 Metaspace       used 30210K, committed 30656K, reserved 1114112K
  class space    used 3755K, committed 3968K, reserved 1048576K
}
Event: 31.920 GC heap after
{Heap after GC invocations=20 (full 0):
 garbage-first heap   total reserved 1015808K, committed 30720K, used 17350K [0x00000000c2000000, 0x0000000100000000)
  region size 1024K, 1 young (1024K), 1 survivors (1024K)
 Metaspace       used 30210K, committed 30656K, reserved 1114112K
  class space    used 3755K, committed 3968K, reserved 1048576K
}
Event: 32.849 GC heap before
{Heap before GC invocations=21 (full 0):
 garbage-first heap   total reserved 1015808K, committed 30720K, used 25542K [0x00000000c2000000, 0x0000000100000000)
  region size 1024K, 10 young (10240K), 1 survivors (1024K)
 Metaspace       used 31202K, committed 31680K, reserved 1114112K
  class space    used 3873K, committed 4096K, reserved 1048576K
}
Event: 32.851 GC heap after
{Heap after GC invocations=22 (full 0):
 garbage-first heap   total reserved 1015808K, committed 30720K, used 17756K [0x00000000c2000000, 0x0000000100000000)
  region size 1024K, 2 young (2048K), 2 survivors (2048K)
 Metaspace       used 31202K, committed 31680K, reserved 1114112K
  class space    used 3873K, committed 4096K, reserved 1048576K
}
Event: 32.924 GC heap before
{Heap before GC invocations=22 (full 0):
 garbage-first heap   total reserved 1015808K, committed 30720K, used 24924K [0x00000000c2000000, 0x0000000100000000)
  region size 1024K, 9 young (9216K), 2 survivors (2048K)
 Metaspace       used 31278K, committed 31808K, reserved 1114112K
  class space    used 3875K, committed 4096K, reserved 1048576K
}
Event: 32.929 GC heap after
{Heap after GC invocations=23 (full 0):
 garbage-first heap   total reserved 1015808K, committed 30720K, used 17276K [0x00000000c2000000, 0x0000000100000000)
  region size 1024K, 1 young (1024K), 1 survivors (1024K)
 Metaspace       used 31278K, committed 31808K, reserved 1114112K
  class space    used 3875K, committed 4096K, reserved 1048576K
}
Event: 33.007 GC heap before
{Heap before GC invocations=23 (full 0):
 garbage-first heap   total reserved 1015808K, committed 30720K, used 27516K [0x00000000c2000000, 0x0000000100000000)
  region size 1024K, 11 young (11264K), 1 survivors (1024K)
 Metaspace       used 31320K, committed 31808K, reserved 1114112K
  class space    used 3879K, committed 4096K, reserved 1048576K
}
Event: 33.009 GC heap after
{Heap after GC invocations=24 (full 0):
 garbage-first heap   total reserved 1015808K, committed 30720K, used 17285K [0x00000000c2000000, 0x0000000100000000)
  region size 1024K, 1 young (1024K), 1 survivors (1024K)
 Metaspace       used 31320K, committed 31808K, reserved 1114112K
  class space    used 3879K, committed 4096K, reserved 1048576K
}
Event: 33.098 GC heap before
{Heap before GC invocations=25 (full 0):
 garbage-first heap   total reserved 1015808K, committed 30720K, used 27525K [0x00000000c2000000, 0x0000000100000000)
  region size 1024K, 11 young (11264K), 1 survivors (1024K)
 Metaspace       used 31344K, committed 31872K, reserved 1114112K
  class space    used 3879K, committed 4096K, reserved 1048576K
}
Event: 33.100 GC heap after
{Heap after GC invocations=26 (full 0):
 garbage-first heap   total reserved 1015808K, committed 30720K, used 17325K [0x00000000c2000000, 0x0000000100000000)
  region size 1024K, 1 young (1024K), 1 survivors (1024K)
 Metaspace       used 31344K, committed 31872K, reserved 1114112K
  class space    used 3879K, committed 4096K, reserved 1048576K
}
Event: 33.155 GC heap before
{Heap before GC invocations=26 (full 0):
 garbage-first heap   total reserved 1015808K, committed 30720K, used 27565K [0x00000000c2000000, 0x0000000100000000)
  region size 1024K, 11 young (11264K), 1 survivors (1024K)
 Metaspace       used 31363K, committed 31872K, reserved 1114112K
  class space    used 3879K, committed 4096K, reserved 1048576K
}
Event: 33.158 GC heap after
{Heap after GC invocations=27 (full 0):
 garbage-first heap   total reserved 1015808K, committed 30720K, used 16871K [0x00000000c2000000, 0x0000000100000000)
  region size 1024K, 1 young (1024K), 1 survivors (1024K)
 Metaspace       used 31363K, committed 31872K, reserved 1114112K
  class space    used 3879K, committed 4096K, reserved 1048576K
}
Event: 33.225 GC heap before
{Heap before GC invocations=27 (full 0):
 garbage-first heap   total reserved 1015808K, committed 30720K, used 27111K [0x00000000c2000000, 0x0000000100000000)
  region size 1024K, 11 young (11264K), 1 survivors (1024K)
 Metaspace       used 31403K, committed 31872K, reserved 1114112K
  class space    used 3879K, committed 4096K, reserved 1048576K
}
Event: 33.228 GC heap after
{Heap after GC invocations=28 (full 0):
 garbage-first heap   total reserved 1015808K, committed 30720K, used 16915K [0x00000000c2000000, 0x0000000100000000)
  region size 1024K, 1 young (1024K), 1 survivors (1024K)
 Metaspace       used 31403K, committed 31872K, reserved 1114112K
  class space    used 3879K, committed 4096K, reserved 1048576K
}
Event: 33.376 GC heap before
{Heap before GC invocations=29 (full 0):
 garbage-first heap   total reserved 1015808K, committed 30720K, used 27155K [0x00000000c2000000, 0x0000000100000000)
  region size 1024K, 11 young (11264K), 1 survivors (1024K)
 Metaspace       used 31456K, committed 31936K, reserved 1114112K
  class space    used 3890K, committed 4096K, reserved 1048576K
}
Event: 33.378 GC heap after
{Heap after GC invocations=30 (full 0):
 garbage-first heap   total reserved 1015808K, committed 30720K, used 16962K [0x00000000c2000000, 0x0000000100000000)
  region size 1024K, 1 young (1024K), 1 survivors (1024K)
 Metaspace       used 31456K, committed 31936K, reserved 1114112K
  class space    used 3890K, committed 4096K, reserved 1048576K
}
Event: 33.424 GC heap before
{Heap before GC invocations=30 (full 0):
 garbage-first heap   total reserved 1015808K, committed 30720K, used 27202K [0x00000000c2000000, 0x0000000100000000)
  region size 1024K, 11 young (11264K), 1 survivors (1024K)
 Metaspace       used 31471K, committed 31936K, reserved 1114112K
  class space    used 3890K, committed 4096K, reserved 1048576K
}
Event: 33.429 GC heap after
{Heap after GC invocations=31 (full 0):
 garbage-first heap   total reserved 1015808K, committed 53248K, used 16568K [0x00000000c2000000, 0x0000000100000000)
  region size 1024K, 1 young (1024K), 1 survivors (1024K)
 Metaspace       used 31471K, committed 31936K, reserved 1114112K
  class space    used 3890K, committed 4096K, reserved 1048576K
}

Dll operation events (10 events):
Event: 0.350 Loaded shared library C:\Program Files\Java\jdk-23\bin\java.dll
Event: 1.475 Loaded shared library C:\Program Files\Java\jdk-23\bin\jsvml.dll
Event: 1.627 Loaded shared library C:\Program Files\Java\jdk-23\bin\net.dll
Event: 1.649 Loaded shared library C:\Program Files\Java\jdk-23\bin\nio.dll
Event: 1.682 Loaded shared library C:\Program Files\Java\jdk-23\bin\zip.dll
Event: 1.924 Loaded shared library C:\Program Files\Java\jdk-23\bin\jimage.dll
Event: 3.474 Loaded shared library C:\Program Files\Java\jdk-23\bin\verify.dll
Event: 16.816 Loaded shared library C:\Program Files\Java\jdk-23\bin\extnet.dll
Event: 20.564 Loaded shared library C:\Program Files\Java\jdk-23\bin\management.dll
Event: 20.656 Loaded shared library C:\Program Files\Java\jdk-23\bin\management_ext.dll

Deoptimization events (20 events):
Event: 32.992 Thread 0x000002d146842690 Uncommon trap: trap_request=0xffffff6e fr.pc=0x000002d164fe8afc relative=0x000000000000015c
Event: 32.992 Thread 0x000002d146842690 Uncommon trap: reason=loop_limit_check action=maybe_recompile pc=0x000002d164fe8afc method=java.util.regex.Pattern$Start.match(Ljava/util/regex/Matcher;ILjava/lang/CharSequence;)Z @ 34 c2
Event: 32.992 Thread 0x000002d146842690 DEOPT PACKING pc=0x000002d164fe8afc sp=0x000000f09d9fe910
Event: 32.992 Thread 0x000002d146842690 DEOPT UNPACKING pc=0x000002d164924402 sp=0x000000f09d9fe8a0 mode 2
Event: 33.337 Thread 0x000002d146842d20 Uncommon trap: trap_request=0xffffffde fr.pc=0x000002d164eb9250 relative=0x0000000000002790
Event: 33.337 Thread 0x000002d146842d20 Uncommon trap: reason=class_check action=maybe_recompile pc=0x000002d164eb9250 method=java.util.regex.Pattern$Start.<init>(Ljava/util/regex/Pattern$Node;)V @ 22 c2
Event: 33.337 Thread 0x000002d146842d20 DEOPT PACKING pc=0x000002d164eb9250 sp=0x000000f09dafe730
Event: 33.337 Thread 0x000002d146842d20 DEOPT UNPACKING pc=0x000002d164924402 sp=0x000000f09dafe690 mode 2
Event: 33.337 Thread 0x000002d146842d20 Uncommon trap: trap_request=0xffffffde fr.pc=0x000002d164eb9250 relative=0x0000000000002790
Event: 33.337 Thread 0x000002d146842d20 Uncommon trap: reason=class_check action=maybe_recompile pc=0x000002d164eb9250 method=java.util.regex.Pattern$Start.<init>(Ljava/util/regex/Pattern$Node;)V @ 22 c2
Event: 33.338 Thread 0x000002d146842d20 DEOPT PACKING pc=0x000002d164eb9250 sp=0x000000f09dafe680
Event: 33.338 Thread 0x000002d146842d20 DEOPT UNPACKING pc=0x000002d164924402 sp=0x000000f09dafe5e0 mode 2
Event: 33.338 Thread 0x000002d146842d20 Uncommon trap: trap_request=0xffffffde fr.pc=0x000002d164eb9250 relative=0x0000000000002790
Event: 33.338 Thread 0x000002d146842d20 Uncommon trap: reason=class_check action=maybe_recompile pc=0x000002d164eb9250 method=java.util.regex.Pattern$Start.<init>(Ljava/util/regex/Pattern$Node;)V @ 22 c2
Event: 33.338 Thread 0x000002d146842d20 DEOPT PACKING pc=0x000002d164eb9250 sp=0x000000f09dafe730
Event: 33.338 Thread 0x000002d146842d20 DEOPT UNPACKING pc=0x000002d164924402 sp=0x000000f09dafe690 mode 2
Event: 33.338 Thread 0x000002d146842d20 Uncommon trap: trap_request=0xffffffde fr.pc=0x000002d164eb9250 relative=0x0000000000002790
Event: 33.338 Thread 0x000002d146842d20 Uncommon trap: reason=class_check action=maybe_recompile pc=0x000002d164eb9250 method=java.util.regex.Pattern$Start.<init>(Ljava/util/regex/Pattern$Node;)V @ 22 c2
Event: 33.338 Thread 0x000002d146842d20 DEOPT PACKING pc=0x000002d164eb9250 sp=0x000000f09dafe680
Event: 33.338 Thread 0x000002d146842d20 DEOPT UNPACKING pc=0x000002d164924402 sp=0x000000f09dafe5e0 mode 2

Classes loaded (20 events):
Event: 32.224 Loading class java/util/ResourceBundle$BundleReference
Event: 32.226 Loading class java/util/ResourceBundle$BundleReference done
Event: 32.227 Loading class java/io/CharArrayWriter
Event: 32.230 Loading class java/io/CharArrayWriter done
Event: 32.694 Loading class sun/util/resources/LocaleData$CommonResourceBundleProvider
Event: 32.697 Loading class sun/util/resources/LocaleData$LocaleDataResourceBundleProvider
Event: 32.697 Loading class java/util/spi/ResourceBundleProvider
Event: 32.697 Loading class java/util/spi/ResourceBundleProvider done
Event: 32.697 Loading class sun/util/resources/LocaleData$LocaleDataResourceBundleProvider done
Event: 32.697 Loading class sun/util/resources/LocaleData$CommonResourceBundleProvider done
Event: 32.697 Loading class java/util/ArrayList$SubList$1
Event: 32.701 Loading class java/util/ArrayList$SubList$1 done
Event: 32.701 Loading class sun/util/resources/Bundles$2
Event: 32.704 Loading class sun/util/resources/Bundles$2 done
Event: 32.726 Loading class java/text/FieldPosition$Delegate
Event: 32.728 Loading class jdk/internal/math/FDBigInteger
Event: 32.788 Loading class java/text/FieldPosition$Delegate done
Event: 32.792 Loading class jdk/internal/math/FDBigInteger done
Event: 32.793 Loading class java/text/DigitList$1
Event: 32.793 Loading class java/text/DigitList$1 done

Classes unloaded (0 events):
No events

Classes redefined (0 events):
No events

Internal exceptions (20 events):
Event: 19.153 Thread 0x000002d152a0b2b0 Exception <a 'java/lang/ClassNotFoundException'{0x00000000c5d0a4a8}: com/salesforce/slds/validation/validators/models/PropertiesCustomizer> (0x00000000c5d0a4a8) 
thrown [s\open\src\hotspot\share\classfile\systemDictionary.cpp, line 313]
Event: 19.155 Thread 0x000002d152a0b2b0 Exception <a 'java/lang/ClassNotFoundException'{0x00000000c5d29470}: com/salesforce/slds/validation/validators/models/Properties$ItemBeanInfo> (0x00000000c5d29470) 
thrown [s\open\src\hotspot\share\classfile\systemDictionary.cpp, line 313]
Event: 19.161 Thread 0x000002d152a0b2b0 Exception <a 'java/lang/ClassNotFoundException'{0x00000000c5d40198}: com/salesforce/slds/validation/validators/models/Properties$ItemCustomizer> (0x00000000c5d40198) 
thrown [s\open\src\hotspot\share\classfile\systemDictionary.cpp, line 313]
Event: 19.426 Thread 0x000002d152a0b2b0 Exception <a 'java/lang/NoSuchMethodError'{0x00000000c3748060}: 'void java.lang.invoke.Invokers$Holder.invokeExact_MT(java.lang.Object, java.lang.Object, int, java.lang.Object)'> (0x00000000c3748060) 
thrown [s\open\src\hotspot\share\interpreter\linkResolver.cpp, line 796]
Event: 20.265 Thread 0x000002d152a0b2b0 Exception <a 'java/lang/NoSuchMethodError'{0x00000000c5d997e0}: 'int java.lang.invoke.DirectMethodHandle$Holder.invokeSpecial(java.lang.Object, java.lang.Object, java.lang.Object, java.lang.Object, java.lang.Object)'> (0x00000000c5d997e0) 
thrown [s\open\src\hotspot\share\interpreter\linkResolver.cpp, line 796]
Event: 20.284 Thread 0x000002d152a0b2b0 Exception <a 'java/lang/NoSuchMethodError'{0x00000000c432d780}: 'java.lang.Object java.lang.invoke.DirectMethodHandle$Holder.invokeVirtual(java.lang.Object, java.lang.Object, java.lang.Object, java.lang.Object, java.lang.Object, java.lang.Object)'> (0x00000000c432d780) 
thrown [s\open\src\hotspot\share\interpreter\linkResolver.cpp, line 796]
Event: 20.293 Thread 0x000002d152a0b2b0 Exception <a 'java/lang/NoSuchMethodError'{0x00000000c435c6a0}: 'java.lang.Object java.lang.invoke.DirectMethodHandle$Holder.invokeVirtual(java.lang.Object, java.lang.Object, java.lang.Object, java.lang.Object, java.lang.Object)'> (0x00000000c435c6a0) 
thrown [s\open\src\hotspot\share\interpreter\linkResolver.cpp, line 796]
Event: 20.450 Thread 0x000002d152a0b2b0 Exception <a 'java/lang/NoSuchMethodError'{0x00000000c412dff8}: 'long java.lang.invoke.DirectMethodHandle$Holder.invokeSpecial(java.lang.Object, java.lang.Object)'> (0x00000000c412dff8) 
thrown [s\open\src\hotspot\share\interpreter\linkResolver.cpp, line 796]
Event: 20.457 Thread 0x000002d152a0b2b0 Exception <a 'java/lang/NoSuchMethodError'{0x00000000c414b338}: 'void java.lang.invoke.DirectMethodHandle$Holder.invokeVirtual(java.lang.Object, java.lang.Object, long)'> (0x00000000c414b338) 
thrown [s\open\src\hotspot\share\interpreter\linkResolver.cpp, line 796]
Event: 20.466 Thread 0x000002d152a0b2b0 Exception <a 'java/lang/NoSuchMethodError'{0x00000000c417c3f0}: 'java.lang.Object java.lang.invoke.DirectMethodHandle$Holder.newInvokeSpecial(java.lang.Object, java.lang.Object, int, java.lang.Object, java.lang.Object)'> (0x00000000c417c3f0) 
thrown [s\open\src\hotspot\share\interpreter\linkResolver.cpp, line 796]
Event: 20.469 Thread 0x000002d152a0b2b0 Exception <a 'java/lang/NoSuchMethodError'{0x00000000c418a960}: 'java.lang.Object java.lang.invoke.DirectMethodHandle$Holder.newInvokeSpecial(java.lang.Object, java.lang.Object, java.lang.Object, int)'> (0x00000000c418a960) 
thrown [s\open\src\hotspot\share\interpreter\linkResolver.cpp, line 796]
Event: 20.471 Thread 0x000002d152a0b2b0 Exception <a 'java/lang/NoSuchMethodError'{0x00000000c418e838}: 'java.lang.Object java.lang.invoke.DirectMethodHandle$Holder.invokeSpecial(java.lang.Object, java.lang.Object, java.lang.Object, java.lang.Object, int)'> (0x00000000c418e838) 
thrown [s\open\src\hotspot\share\interpreter\linkResolver.cpp, line 796]
Event: 20.471 Thread 0x000002d152a0b2b0 Exception <a 'java/lang/NoSuchMethodError'{0x00000000c4191cd8}: 'java.lang.Object java.lang.invoke.Invokers$Holder.linkToTargetMethod(java.lang.Object, java.lang.Object, int, java.lang.Object)'> (0x00000000c4191cd8) 
thrown [s\open\src\hotspot\share\interpreter\linkResolver.cpp, line 796]
Event: 21.388 Thread 0x000002d146840c50 Exception <a 'java/lang/NoSuchMethodError'{0x00000000c3750bf0}: 'int java.lang.invoke.Invokers$Holder.invokeExact_MT(java.lang.Object, java.lang.Object, java.lang.Object)'> (0x00000000c3750bf0) 
thrown [s\open\src\hotspot\share\interpreter\linkResolver.cpp, line 796]
Event: 28.737 Thread 0x000002d146840c50 Exception <a 'java/lang/IncompatibleClassChangeError'{0x00000000c43b8d00}: Found class java.lang.Object, but interface was expected> (0x00000000c43b8d00) 
thrown [s\open\src\hotspot\share\interpreter\linkResolver.cpp, line 863]
Event: 29.214 Thread 0x000002d146840c50 Exception <a 'java/lang/IncompatibleClassChangeError'{0x00000000c43c1e20}: Found class java.lang.Object, but interface was expected> (0x00000000c43c1e20) 
thrown [s\open\src\hotspot\share\interpreter\linkResolver.cpp, line 863]
Event: 29.215 Thread 0x000002d146840c50 Exception <a 'java/lang/NoSuchMethodError'{0x00000000c43c3130}: 'void java.lang.invoke.DirectMethodHandle$Holder.invokeSpecial(java.lang.Object, java.lang.Object, int, java.lang.Object)'> (0x00000000c43c3130) 
thrown [s\open\src\hotspot\share\interpreter\linkResolver.cpp, line 796]
Event: 29.215 Thread 0x000002d146840c50 Exception <a 'java/lang/NoSuchMethodError'{0x00000000c43c93c8}: 'java.lang.Object java.lang.invoke.DirectMethodHandle$Holder.newInvokeSpecial(java.lang.Object, java.lang.Object, int)'> (0x00000000c43c93c8) 
thrown [s\open\src\hotspot\share\interpreter\linkResolver.cpp, line 796]
Event: 32.671 Thread 0x000002d146840c50 Exception <a 'java/lang/IncompatibleClassChangeError'{0x00000000c40ebb88}: Found class java.lang.Object, but interface was expected> (0x00000000c40ebb88) 
thrown [s\open\src\hotspot\share\interpreter\linkResolver.cpp, line 863]
Event: 32.940 Thread 0x000002d146841970 Implicit null exception at 0x000002d165014056 to 0x000002d16501429c

VM Operations (20 events):
Event: 32.995 Executing VM operation: G1CollectForAllocation (G1 Evacuation Pause)
Event: 33.009 Executing VM operation: G1CollectForAllocation (G1 Evacuation Pause) done
Event: 33.064 Executing VM operation: G1PauseRemark
Event: 33.068 Executing VM operation: G1PauseRemark done
Event: 33.084 Executing VM operation: G1PauseCleanup
Event: 33.084 Executing VM operation: G1PauseCleanup done
Event: 33.098 Executing VM operation: G1CollectForAllocation (G1 Evacuation Pause)
Event: 33.100 Executing VM operation: G1CollectForAllocation (G1 Evacuation Pause) done
Event: 33.155 Executing VM operation: G1CollectForAllocation (G1 Evacuation Pause)
Event: 33.158 Executing VM operation: G1CollectForAllocation (G1 Evacuation Pause) done
Event: 33.225 Executing VM operation: G1CollectForAllocation (G1 Evacuation Pause)
Event: 33.228 Executing VM operation: G1CollectForAllocation (G1 Evacuation Pause) done
Event: 33.278 Executing VM operation: G1PauseRemark
Event: 33.294 Executing VM operation: G1PauseRemark done
Event: 33.313 Executing VM operation: G1PauseCleanup
Event: 33.328 Executing VM operation: G1PauseCleanup done
Event: 33.350 Executing VM operation: G1CollectForAllocation (G1 Evacuation Pause)
Event: 33.378 Executing VM operation: G1CollectForAllocation (G1 Evacuation Pause) done
Event: 33.424 Executing VM operation: G1CollectForAllocation (G1 Evacuation Pause)
Event: 33.429 Executing VM operation: G1CollectForAllocation (G1 Evacuation Pause) done

Memory protections (0 events):
No events

Nmethod flushes (20 events):
Event: 33.294 Thread 0x000002d154d0a7e0 flushing  nmethod 0x000002d165034e88
Event: 33.294 Thread 0x000002d154d0a7e0 flushing  nmethod 0x000002d15d50b388
Event: 33.294 Thread 0x000002d154d0a7e0 flushing  nmethod 0x000002d15d77b108
Event: 33.294 Thread 0x000002d154d0a7e0 flushing  nmethod 0x000002d15d926108
Event: 33.294 Thread 0x000002d154d0a7e0 flushing  nmethod 0x000002d15dac0c08
Event: 33.294 Thread 0x000002d154d0a7e0 flushing  nmethod 0x000002d15dae1988
Event: 33.294 Thread 0x000002d154d0a7e0 flushing  nmethod 0x000002d165013f08
Event: 33.294 Thread 0x000002d154d0a7e0 flushing  nmethod 0x000002d15d557508
Event: 33.294 Thread 0x000002d154d0a7e0 flushing  nmethod 0x000002d15d606788
Event: 33.294 Thread 0x000002d154d0a7e0 flushing  nmethod 0x000002d15d606b88
Event: 33.294 Thread 0x000002d154d0a7e0 flushing  nmethod 0x000002d15d725588
Event: 33.294 Thread 0x000002d154d0a7e0 flushing  nmethod 0x000002d15d7eea08
Event: 33.294 Thread 0x000002d154d0a7e0 flushing  nmethod 0x000002d15d91c888
Event: 33.294 Thread 0x000002d154d0a7e0 flushing  nmethod 0x000002d15d91cf08
Event: 33.294 Thread 0x000002d154d0a7e0 flushing  nmethod 0x000002d15d91de08
Event: 33.294 Thread 0x000002d154d0a7e0 flushing  nmethod 0x000002d15d9a9988
Event: 33.294 Thread 0x000002d154d0a7e0 flushing  nmethod 0x000002d15d9b2f88
Event: 33.294 Thread 0x000002d154d0a7e0 flushing  nmethod 0x000002d15da38d08
Event: 33.294 Thread 0x000002d154d0a7e0 flushing  nmethod 0x000002d15da3d908
Event: 33.294 Thread 0x000002d154d0a7e0 flushing  nmethod 0x000002d15db76c88

Events (20 events):
Event: 18.634 Thread 0x000002d146842d20 Thread exited: 0x000002d146842d20
Event: 18.712 Thread 0x000002d1468433b0 Thread exited: 0x000002d1468433b0
Event: 18.712 Thread 0x000002d146843a40 Thread exited: 0x000002d146843a40
Event: 19.713 Thread 0x000002d152a0b2b0 Thread added: 0x000002d146842000
Event: 19.713 Thread 0x000002d152a0b2b0 Thread added: 0x000002d1468433b0
Event: 19.713 Thread 0x000002d152a0b2b0 Thread added: 0x000002d146841970
Event: 19.713 Thread 0x000002d152a0b2b0 Thread added: 0x000002d146842690
Event: 19.713 Thread 0x000002d152a0b2b0 Thread added: 0x000002d1468405c0
Event: 19.713 Thread 0x000002d152a0b2b0 Thread added: 0x000002d146842d20
Event: 19.856 Thread 0x000002d1468433b0 Thread exited: 0x000002d1468433b0
Event: 19.856 Thread 0x000002d146842000 Thread exited: 0x000002d146842000
Event: 19.857 Thread 0x000002d146842690 Thread exited: 0x000002d146842690
Event: 19.857 Thread 0x000002d146841970 Thread exited: 0x000002d146841970
Event: 19.872 Thread 0x000002d146842d20 Thread exited: 0x000002d146842d20
Event: 19.872 Thread 0x000002d1468405c0 Thread exited: 0x000002d1468405c0
Event: 20.790 Thread 0x000002d152a0b2b0 Thread exited: 0x000002d152a0b2b0
Event: 20.791 Thread 0x000002d1468405c0 Thread added: 0x000002d1468405c0
Event: 32.678 Thread 0x000002d146840c50 Thread added: 0x000002d146841970
Event: 32.679 Thread 0x000002d146840c50 Thread added: 0x000002d146842690
Event: 32.684 Thread 0x000002d146841970 Thread added: 0x000002d146842d20


Dynamic libraries:
0x00007ff6ee640000 - 0x00007ff6ee650000 	C:\Program Files\Java\jdk-23\bin\java.exe
0x00007ffcc3e30000 - 0x00007ffcc4028000 	C:\WINDOWS\SYSTEM32\ntdll.dll
0x00007ffcc1e70000 - 0x00007ffcc1f32000 	C:\WINDOWS\System32\KERNEL32.DLL
0x00007ffcc1520000 - 0x00007ffcc181f000 	C:\WINDOWS\System32\KERNELBASE.dll
0x00007ffcc1a00000 - 0x00007ffcc1b00000 	C:\WINDOWS\System32\ucrtbase.dll
0x00007ffcbaeb0000 - 0x00007ffcbaecb000 	C:\Program Files\Java\jdk-23\bin\VCRUNTIME140.dll
0x00007ffcbcff0000 - 0x00007ffcbd007000 	C:\Program Files\Java\jdk-23\bin\jli.dll
0x00007ffcc1f50000 - 0x00007ffcc20ed000 	C:\WINDOWS\System32\USER32.dll
0x00007ffcc1d00000 - 0x00007ffcc1d22000 	C:\WINDOWS\System32\win32u.dll
0x00007ffcc28b0000 - 0x00007ffcc28db000 	C:\WINDOWS\System32\GDI32.dll
0x00007ffcc1d30000 - 0x00007ffcc1e4a000 	C:\WINDOWS\System32\gdi32full.dll
0x00007ffcc1960000 - 0x00007ffcc19fd000 	C:\WINDOWS\System32\msvcp_win.dll
0x00007ffcb3d90000 - 0x00007ffcb402a000 	C:\WINDOWS\WinSxS\amd64_microsoft.windows.common-controls_6595b64144ccf1df_6.0.19041.4355_none_60b8b9eb71f62e16\COMCTL32.dll
0x00007ffcc2cb0000 - 0x00007ffcc2d4e000 	C:\WINDOWS\System32\msvcrt.dll
0x00007ffcc2960000 - 0x00007ffcc298f000 	C:\WINDOWS\System32\IMM32.DLL
0x00007ffcbd0c0000 - 0x00007ffcbd0cc000 	C:\Program Files\Java\jdk-23\bin\vcruntime140_1.dll
0x00007ffca94f0000 - 0x00007ffca957e000 	C:\Program Files\Java\jdk-23\bin\msvcp140.dll
0x00007ffc79ab0000 - 0x00007ffc7a800000 	C:\Program Files\Java\jdk-23\bin\server\jvm.dll
0x00007ffcc2450000 - 0x00007ffcc24ff000 	C:\WINDOWS\System32\ADVAPI32.dll
0x00007ffcc2e80000 - 0x00007ffcc2f1f000 	C:\WINDOWS\System32\sechost.dll
0x00007ffcc2d50000 - 0x00007ffcc2e73000 	C:\WINDOWS\System32\RPCRT4.dll
0x00007ffcc1cd0000 - 0x00007ffcc1cf7000 	C:\WINDOWS\System32\bcrypt.dll
0x00007ffcc2840000 - 0x00007ffcc28ab000 	C:\WINDOWS\System32\WS2_32.dll
0x00007ffcc1330000 - 0x00007ffcc137b000 	C:\WINDOWS\SYSTEM32\POWRPROF.dll
0x00007ffcb1d70000 - 0x00007ffcb1d97000 	C:\WINDOWS\SYSTEM32\WINMM.dll
0x00007ffcbd1f0000 - 0x00007ffcbd1fa000 	C:\WINDOWS\SYSTEM32\VERSION.dll
0x00007ffcc1310000 - 0x00007ffcc1322000 	C:\WINDOWS\SYSTEM32\UMPDC.dll
0x00007ffcbfcf0000 - 0x00007ffcbfd02000 	C:\WINDOWS\SYSTEM32\kernel.appcore.dll
0x00007ffcbd060000 - 0x00007ffcbd06a000 	C:\Program Files\Java\jdk-23\bin\jimage.dll
0x00007ffcbf240000 - 0x00007ffcbf424000 	C:\WINDOWS\SYSTEM32\DBGHELP.DLL
0x00007ffcab0b0000 - 0x00007ffcab0e4000 	C:\WINDOWS\SYSTEM32\dbgcore.DLL
0x00007ffcc18d0000 - 0x00007ffcc1952000 	C:\WINDOWS\System32\bcryptPrimitives.dll
0x00007ffcbae70000 - 0x00007ffcbae8e000 	C:\Program Files\Java\jdk-23\bin\java.dll
0x00007ffcc3c60000 - 0x00007ffcc3d8b000 	C:\WINDOWS\System32\ole32.dll
0x00007ffcc20f0000 - 0x00007ffcc2445000 	C:\WINDOWS\System32\combase.dll
0x00007ffcc34f0000 - 0x00007ffcc3c5d000 	C:\WINDOWS\System32\SHELL32.dll
0x00007ffcbf430000 - 0x00007ffcbfbd4000 	C:\WINDOWS\SYSTEM32\windows.storage.dll
0x00007ffcc0e30000 - 0x00007ffcc0e5f000 	C:\WINDOWS\SYSTEM32\Wldp.dll
0x00007ffcc2770000 - 0x00007ffcc283d000 	C:\WINDOWS\System32\OLEAUT32.dll
0x00007ffcc2500000 - 0x00007ffcc25ad000 	C:\WINDOWS\System32\SHCORE.dll
0x00007ffcc2990000 - 0x00007ffcc29e5000 	C:\WINDOWS\System32\shlwapi.dll
0x00007ffcc1400000 - 0x00007ffcc1424000 	C:\WINDOWS\SYSTEM32\profapi.dll
0x00007ffc9f220000 - 0x00007ffc9f2f7000 	C:\Program Files\Java\jdk-23\bin\jsvml.dll
0x00007ffcbce80000 - 0x00007ffcbce90000 	C:\Program Files\Java\jdk-23\bin\net.dll
0x00007ffcc0b90000 - 0x00007ffcc0bfc000 	C:\WINDOWS\system32\mswsock.dll
0x00007ffcbae50000 - 0x00007ffcbae66000 	C:\Program Files\Java\jdk-23\bin\nio.dll
0x00007ffcbadd0000 - 0x00007ffcbade7000 	C:\Program Files\Java\jdk-23\bin\zip.dll
0x00007ffcbae40000 - 0x00007ffcbae50000 	C:\Program Files\Java\jdk-23\bin\verify.dll
0x00007ffcc08b0000 - 0x00007ffcc097a000 	C:\WINDOWS\SYSTEM32\DNSAPI.dll
0x00007ffcc0870000 - 0x00007ffcc08ab000 	C:\WINDOWS\SYSTEM32\IPHLPAPI.DLL
0x00007ffcc25b0000 - 0x00007ffcc25b8000 	C:\WINDOWS\System32\NSI.dll
0x00007ffcb8470000 - 0x00007ffcb847a000 	C:\Windows\System32\rasadhlp.dll
0x00007ffcb2590000 - 0x00007ffcb2610000 	C:\WINDOWS\System32\fwpuclnt.dll
0x00007ffcbadc0000 - 0x00007ffcbadc9000 	C:\Program Files\Java\jdk-23\bin\extnet.dll
0x00007ffcbabd0000 - 0x00007ffcbabda000 	C:\Program Files\Java\jdk-23\bin\management.dll
0x00007ffcba840000 - 0x00007ffcba84b000 	C:\Program Files\Java\jdk-23\bin\management_ext.dll
0x00007ffcc2bf0000 - 0x00007ffcc2bf8000 	C:\WINDOWS\System32\PSAPI.DLL

dbghelp: loaded successfully - version: 4.0.5 - missing functions: none
symbol engine: initialized successfully - sym options: 0x614 - pdb path: .;C:\Program Files\Java\jdk-23\bin;C:\WINDOWS\SYSTEM32;C:\WINDOWS\WinSxS\amd64_microsoft.windows.common-controls_6595b64144ccf1df_6.0.19041.4355_none_60b8b9eb71f62e16;C:\Program Files\Java\jdk-23\bin\server

VM Arguments:
java_command: c:\Users\hi\.vscode\extensions\salesforce.salesforce-vscode-slds-2.0.12\lsp-2.0.12-executable.jar --PORT=62744
java_class_path (initial): c:\Users\hi\.vscode\extensions\salesforce.salesforce-vscode-slds-2.0.12\lsp-2.0.12-executable.jar
Launcher Type: SUN_STANDARD

[Global flags]
     intx CICompilerCount                          = 3                                         {product} {ergonomic}
     uint ConcGCThreads                            = 1                                         {product} {ergonomic}
     uint G1ConcRefinementThreads                  = 4                                         {product} {ergonomic}
   size_t G1HeapRegionSize                         = 1048576                                   {product} {ergonomic}
   size_t InitialHeapSize                          = 65011712                                  {product} {ergonomic}
   size_t MarkStackSize                            = 4194304                                   {product} {ergonomic}
   size_t MarkStackSizeMax                         = 536870912                                 {product} {ergonomic}
   size_t MaxHeapSize                              = 1040187392                                {product} {ergonomic}
   size_t MaxNewSize                               = 623902720                                 {product} {ergonomic}
   size_t MinHeapDeltaBytes                        = 1048576                                   {product} {ergonomic}
   size_t MinHeapSize                              = 8388608                                   {product} {ergonomic}
    uintx NonNMethodCodeHeapSize                   = 5832704                                {pd product} {ergonomic}
    uintx NonProfiledCodeHeapSize                  = 122945536                              {pd product} {ergonomic}
    uintx ProfiledCodeHeapSize                     = 122880000                              {pd product} {ergonomic}
    uintx ReservedCodeCacheSize                    = 251658240                              {pd product} {ergonomic}
     bool SegmentedCodeCache                       = true                                      {product} {ergonomic}
   size_t SoftMaxHeapSize                          = 1040187392                             {manageable} {ergonomic}
     bool UseCompressedOops                        = true                           {product lp64_product} {ergonomic}
     bool UseG1GC                                  = true                                      {product} {ergonomic}
     bool UseLargePagesIndividualAllocation        = false                                  {pd product} {ergonomic}

Logging:
Log output configuration:
 #0: stdout all=warning uptime,level,tags foldmultilines=false
 #1: stderr all=off uptime,level,tags foldmultilines=false

Environment Variables:
JAVA_HOME=C:\Program Files\Java\jdk-23
PATH=C:\Program Files\Common Files\Oracle\Java\javapath;C:\Python313\Scripts\;C:\Python313\;C:\Python312\Scripts\;C:\Python312\;C:\WINDOWS\system32;C:\WINDOWS;C:\WINDOWS\System32\Wbem;C:\WINDOWS\System32\WindowsPowerShell\v1.0\;C:\WINDOWS\System32\OpenSSH\;C:\ProgramData\chocolatey\bin;C:\Program Files\Git\cmd;C:\Program Files\nodejs\;C:\Users\hi\AppData\Local\Microsoft\WindowsApps;C:\Users\hi\AppData\Local\Programs\Microsoft VS Code\bin;C:\Users\hi\mongosh\;C:\Users\hi\AppData\Local\GitHubDesktop\bin;C:\Users\hi\AppData\Roaming\npm;C:\Users\hi\AppData\Local\Android\Sdk\platform-tools;
USERNAME=hi
OS=Windows_NT
PROCESSOR_IDENTIFIER=Intel64 Family 6 Model 142 Stepping 9, GenuineIntel
TMP=C:\Users\hi\AppData\Local\Temp
TEMP=C:\Users\hi\AppData\Local\Temp




Periodic native trim disabled

---------------  S Y S T E M  ---------------

OS:
 Windows 10 , 64 bit Build 19041 (10.0.19041.5438)
OS uptime: 4 days 18:24 hours

CPU: total 4 (initial active 4) (2 cores per cpu, 2 threads per core) family 6 model 142 stepping 9 microcode 0xb4, cx8, cmov, fxsr, ht, mmx, 3dnowpref, sse, sse2, sse3, ssse3, sse4.1, sse4.2, popcnt, lzcnt, tsc, tscinvbit, avx, avx2, aes, erms, clmul, bmi1, bmi2, adx, fma, vzeroupper, clflush, clflushopt, rdtscp, f16c
Processor Information for the first 4 processors :
  Max Mhz: 2701, Current Mhz: 2701, Mhz Limit: 2701

Memory: 4k page, system-wide physical 3962M (62M free)
TotalPageFile size 16250M (AvailPageFile size 46M)
current process WorkingSet (physical memory assigned to process): 177M, peak: 177M
current process commit charge ("private bytes"): 206M, peak: 206M

vm_info: Java HotSpot(TM) 64-Bit Server VM (23.0.2+7-58) for windows-amd64 JRE (23.0.2+7-58), built on 2024-11-29T09:34:55Z with MS VC++ 17.6 (VS2022)

END.
