#
# There is insufficient memory for the Java Runtime Environment to continue.
# Native memory allocation (malloc) failed to allocate 687856 bytes. Error detail: Chunk::new
# Possible reasons:
#   The system is out of physical RAM or swap space
#   This process is running with CompressedOops enabled, and the Java Heap may be blocking the growth of the native heap
# Possible solutions:
#   Reduce memory load on the system
#   Increase physical memory or swap space
#   Check if swap backing store is full
#   Decrease Java heap size (-Xmx/-Xms)
#   Decrease number of Java threads
#   Decrease Java thread stack sizes (-Xss)
#   Set larger code cache with -XX:ReservedCodeCacheSize=
#   JVM is running with Unscaled Compressed Oops mode in which the Java heap is
#     placed in the first 4GB address space. The Java Heap base address is the
#     maximum limit for the native heap growth. Please use -XX:HeapBaseMinAddress
#     to set the Java Heap base and to place the Java Heap above 4GB virtual address.
# This output file may be truncated or incomplete.
#
#  Out of Memory Error (arena.cpp:149), pid=5992, tid=6688
#
# JRE version: Java(TM) SE Runtime Environment (23.0.2+7) (build 23.0.2+7-58)
# Java VM: Java HotSpot(TM) 64-Bit Server VM (23.0.2+7-58, mixed mode, sharing, tiered, compressed oops, compressed class ptrs, g1 gc, windows-amd64)
# No core dump will be written. Minidumps are not enabled by default on client versions of Windows
#

---------------  S U M M A R Y ------------

Command Line: c:\Users\hi\.vscode\extensions\salesforce.salesforce-vscode-slds-2.0.12\lsp-2.0.12-executable.jar --PORT=62889

Host: Intel(R) Core(TM) i5-7200U CPU @ 2.50GHz, 4 cores, 3G,  Windows 10 , 64 bit Build 19041 (10.0.19041.5438)
Time: Fri Mar 14 13:49:56 2025 India Standard Time elapsed time: 32.362835 seconds (0d 0h 0m 32s)

---------------  T H R E A D  ---------------

Current thread (0x0000017f177b94f0):  JavaThread "C2 CompilerThread0" daemon [_thread_in_native, id=6688, stack(0x00000047feb00000,0x00000047fec00000) (1024K)]


Current CompileTask:
C2:32362 6452       4       java.util.regex.Matcher::replaceAll (59 bytes)

Stack: [0x00000047feb00000,0x00000047fec00000]
Native frames: (J=compiled Java code, j=interpreted, Vv=VM code, C=native code)
V  [jvm.dll+0x6e0b99]  (no source info available)
V  [jvm.dll+0x87e2b3]  (no source info available)
V  [jvm.dll+0x88073e]  (no source info available)
V  [jvm.dll+0x880e13]  (no source info available)
V  [jvm.dll+0x27b006]  (no source info available)
V  [jvm.dll+0xbc06f]  (no source info available)
V  [jvm.dll+0xbc2cb]  (no source info available)
V  [jvm.dll+0x3b3c22]  (no source info available)
V  [jvm.dll+0x38a55b]  (no source info available)
V  [jvm.dll+0x3899ca]  (no source info available)
V  [jvm.dll+0x244ba1]  (no source info available)
V  [jvm.dll+0x243eff]  (no source info available)
V  [jvm.dll+0x1c34b0]  (no source info available)
V  [jvm.dll+0x253df1]  (no source info available)
V  [jvm.dll+0x2520aa]  (no source info available)
V  [jvm.dll+0x3ee226]  (no source info available)
V  [jvm.dll+0x8254cb]  (no source info available)
V  [jvm.dll+0x6df345]  (no source info available)
C  [ucrtbase.dll+0x21bb2]  (no source info available)
C  [KERNEL32.DLL+0x17374]  (no source info available)
C  [ntdll.dll+0x4cc91]  (no source info available)

Lock stack of current Java thread (top to bottom):


---------------  P R O C E S S  ---------------

Threads class SMR info:
_java_thread_list=0x0000017f5d923880, length=16, elements={
0x0000017f177add20, 0x0000017f177aeb40, 0x0000017f177b4830, 0x0000017f177b5290,
0x0000017f177b7d00, 0x0000017f177b8760, 0x0000017f177b94f0, 0x0000017f177dfda0,
0x0000017f1791f130, 0x0000017f1792c400, 0x0000017f17af7d00, 0x0000017f5e1b0d60,
0x0000017f5e1b1a80, 0x0000017f5e1b41e0, 0x0000017f5e1b27a0, 0x0000017f5e1b2110
}

Java Threads: ( => current thread )
  0x0000017f177add20 JavaThread "Reference Handler"          daemon [_thread_blocked, id=8084, stack(0x00000047fe500000,0x00000047fe600000) (1024K)]
  0x0000017f177aeb40 JavaThread "Finalizer"                  daemon [_thread_blocked, id=7424, stack(0x00000047fe600000,0x00000047fe700000) (1024K)]
  0x0000017f177b4830 JavaThread "Signal Dispatcher"          daemon [_thread_blocked, id=4024, stack(0x00000047fe700000,0x00000047fe800000) (1024K)]
  0x0000017f177b5290 JavaThread "Attach Listener"            daemon [_thread_blocked, id=17288, stack(0x00000047fe800000,0x00000047fe900000) (1024K)]
  0x0000017f177b7d00 JavaThread "Service Thread"             daemon [_thread_blocked, id=14988, stack(0x00000047fe900000,0x00000047fea00000) (1024K)]
  0x0000017f177b8760 JavaThread "Monitor Deflation Thread"   daemon [_thread_blocked, id=17076, stack(0x00000047fea00000,0x00000047feb00000) (1024K)]
=>0x0000017f177b94f0 JavaThread "C2 CompilerThread0"         daemon [_thread_in_native, id=6688, stack(0x00000047feb00000,0x00000047fec00000) (1024K)]
  0x0000017f177dfda0 JavaThread "C1 CompilerThread0"         daemon [_thread_blocked, id=6600, stack(0x00000047fec00000,0x00000047fed00000) (1024K)]
  0x0000017f1791f130 JavaThread "Notification Thread"        daemon [_thread_blocked, id=7024, stack(0x00000047fed00000,0x00000047fee00000) (1024K)]
  0x0000017f1792c400 JavaThread "Common-Cleaner"             daemon [_thread_blocked, id=14316, stack(0x00000047fee00000,0x00000047fef00000) (1024K)]
  0x0000017f17af7d00 JavaThread "Cleaner-0"                  daemon [_thread_blocked, id=6940, stack(0x00000047fef00000,0x00000047ff000000) (1024K)]
  0x0000017f5e1b0d60 JavaThread "pool-1-thread-1"                   [_thread_blocked, id=7840, stack(0x00000047ff300000,0x00000047ff400000) (1024K)]
  0x0000017f5e1b1a80 JavaThread "DestroyJavaVM"                     [_thread_blocked, id=11620, stack(0x00000047fdd00000,0x00000047fde00000) (1024K)]
  0x0000017f5e1b41e0 JavaThread "ForkJoinPool.commonPool-worker-1" daemon [_thread_blocked, id=13592, stack(0x00000047fda00000,0x00000047fdb00000) (1024K)]
  0x0000017f5e1b27a0 JavaThread "ForkJoinPool.commonPool-worker-2" daemon [_thread_blocked, id=6964, stack(0x00000047ff400000,0x00000047ff500000) (1024K)]
  0x0000017f5e1b2110 JavaThread "ForkJoinPool.commonPool-worker-3" daemon [_thread_blocked, id=11052, stack(0x00000047ff500000,0x00000047ff600000) (1024K)]
Total: 16

Other Threads:
  0x0000017f7b549410 VMThread "VM Thread"                           [id=12856, stack(0x00000047fe400000,0x00000047fe500000) (1024K)]
  0x0000017f1779cb50 WatcherThread "VM Periodic Task Thread"        [id=3700, stack(0x00000047fe300000,0x00000047fe400000) (1024K)]
  0x0000017f7b4b56c0 WorkerThread "GC Thread#0"                     [id=1656, stack(0x00000047fde00000,0x00000047fdf00000) (1024K)]
  0x0000017f5d29d200 WorkerThread "GC Thread#1"                     [id=14628, stack(0x00000047ff000000,0x00000047ff100000) (1024K)]
  0x0000017f5d29d850 WorkerThread "GC Thread#2"                     [id=7628, stack(0x00000047ff100000,0x00000047ff200000) (1024K)]
  0x0000017f5d4ddd30 WorkerThread "GC Thread#3"                     [id=9100, stack(0x00000047ff200000,0x00000047ff300000) (1024K)]
  0x0000017f7b4ce4c0 ConcurrentGCThread "G1 Main Marker"            [id=16708, stack(0x00000047fdf00000,0x00000047fe000000) (1024K)]
  0x0000017f7b4cf770 WorkerThread "G1 Conc#0"                       [id=11228, stack(0x00000047fe000000,0x00000047fe100000) (1024K)]
  0x0000017f7b527550 ConcurrentGCThread "G1 Refine#0"               [id=17216, stack(0x00000047fe100000,0x00000047fe200000) (1024K)]
  0x0000017f7b52a000 ConcurrentGCThread "G1 Service"                [id=15744, stack(0x00000047fe200000,0x00000047fe300000) (1024K)]
Total: 10

Threads with active compile tasks:
C2 CompilerThread0  32717 6452       4       java.util.regex.Matcher::replaceAll (59 bytes)
Total: 1

VM state: at safepoint (normal execution)

VM Mutex/Monitor currently owned by a thread:  ([mutex/lock_event])
[0x00007ffc7a724888] Threads_lock - owner thread: 0x0000017f7b549410
[0x00007ffc7a724988] Heap_lock - owner thread: 0x0000017f5e1b41e0

Heap address: 0x00000000c2000000, size: 992 MB, Compressed Oops mode: 32-bit

CDS archive(s) mapped at: [0x0000017f18000000-0x0000017f18d70000-0x0000017f18d70000), size 14090240, SharedBaseAddress: 0x0000017f18000000, ArchiveRelocationMode: 1.
Compressed class space mapped at: 0x0000017f19000000-0x0000017f59000000, reserved size: 1073741824
Narrow klass base: 0x0000017f18000000, Narrow klass shift: 0, Narrow klass range: 0x41000000

GC Precious Log:
 CardTable entry size: 512
 Card Set container configuration: InlinePtr #cards 5 size 8 Array Of Cards #cards 10 size 36 Howl #buckets 4 coarsen threshold 1843 Howl Bitmap #cards 512 size 80 coarsen threshold 460 Card regions per heap region 1 cards per card region 2048
 CPUs: 4 total, 4 available
 Memory: 3962M
 Large Page Support: Disabled
 NUMA Support: Disabled
 Compressed Oops: Enabled (32-bit)
 Heap Region Size: 1M
 Heap Min Capacity: 8M
 Heap Initial Capacity: 62M
 Heap Max Capacity: 992M
 Pre-touch: Disabled
 Parallel Workers: 4
 Concurrent Workers: 1
 Concurrent Refinement Workers: 4
 Periodic GC: Disabled

Heap:
 garbage-first heap   total reserved 1015808K, committed 45056K, used 17758K [0x00000000c2000000, 0x0000000100000000)
  region size 1024K, 2 young (2048K), 2 survivors (2048K)
 Metaspace       used 31568K, committed 32128K, reserved 1114112K
  class space    used 3904K, committed 4160K, reserved 1048576K

Heap Regions: E=young(eden), S=young(survivor), O=old, HS=humongous(starts), HC=humongous(continues), CS=collection set, F=free, TAMS=top-at-mark-start, PB=parsable bottom
|   0|0x00000000c2000000, 0x00000000c2100000, 0x00000000c2100000|100%| O|  |TAMS 0x00000000c2000000| PB 0x00000000c2000000| Untracked |  0
|   1|0x00000000c2100000, 0x00000000c2200000, 0x00000000c2200000|100%| O|  |TAMS 0x00000000c2100000| PB 0x00000000c2100000| Untracked |  0
|   2|0x00000000c2200000, 0x00000000c2300000, 0x00000000c2300000|100%| O|  |TAMS 0x00000000c2200000| PB 0x00000000c2200000| Untracked |  0
|   3|0x00000000c2300000, 0x00000000c2400000, 0x00000000c2400000|100%| O|  |TAMS 0x00000000c2300000| PB 0x00000000c2300000| Untracked |  0
|   4|0x00000000c2400000, 0x00000000c2500000, 0x00000000c2500000|100%| O|  |TAMS 0x00000000c2400000| PB 0x00000000c2400000| Untracked |  0
|   5|0x00000000c2500000, 0x00000000c2600000, 0x00000000c2600000|100%| O|  |TAMS 0x00000000c2500000| PB 0x00000000c2500000| Untracked |  0
|   6|0x00000000c2600000, 0x00000000c2630200, 0x00000000c2700000| 18%| O|  |TAMS 0x00000000c2600000| PB 0x00000000c2600000| Untracked |  0
|   7|0x00000000c2700000, 0x00000000c2800000, 0x00000000c2800000|100%| O|  |TAMS 0x00000000c2700000| PB 0x00000000c2700000| Untracked |  0
|   8|0x00000000c2800000, 0x00000000c2900000, 0x00000000c2900000|100%| O|  |TAMS 0x00000000c2800000| PB 0x00000000c2800000| Untracked |  0
|   9|0x00000000c2900000, 0x00000000c2a00000, 0x00000000c2a00000|100%| O|  |TAMS 0x00000000c2900000| PB 0x00000000c2900000| Untracked |  0
|  10|0x00000000c2a00000, 0x00000000c2b00000, 0x00000000c2b00000|100%| O|  |TAMS 0x00000000c2a00000| PB 0x00000000c2a00000| Untracked |  0
|  11|0x00000000c2b00000, 0x00000000c2c00000, 0x00000000c2c00000|100%| O|  |TAMS 0x00000000c2b00000| PB 0x00000000c2b00000| Untracked |  0
|  12|0x00000000c2c00000, 0x00000000c2d00000, 0x00000000c2d00000|100%| O|  |TAMS 0x00000000c2c00000| PB 0x00000000c2c00000| Untracked |  0
|  13|0x00000000c2d00000, 0x00000000c2e00000, 0x00000000c2e00000|100%| O|  |TAMS 0x00000000c2d00000| PB 0x00000000c2d00000| Untracked |  0
|  14|0x00000000c2e00000, 0x00000000c2f00000, 0x00000000c2f00000|100%| O|  |TAMS 0x00000000c2e00000| PB 0x00000000c2e00000| Untracked |  0
|  15|0x00000000c2f00000, 0x00000000c2f00000, 0x00000000c3000000|  0%| F|  |TAMS 0x00000000c2f00000| PB 0x00000000c2f00000| Untracked |  0
|  16|0x00000000c3000000, 0x00000000c3000000, 0x00000000c3100000|  0%| F|  |TAMS 0x00000000c3000000| PB 0x00000000c3000000| Untracked |  0
|  17|0x00000000c3100000, 0x00000000c3200000, 0x00000000c3200000|100%| O|  |TAMS 0x00000000c3100000| PB 0x00000000c3100000| Untracked |  0
|  18|0x00000000c3200000, 0x00000000c3300000, 0x00000000c3300000|100%| O|  |TAMS 0x00000000c3200000| PB 0x00000000c3200000| Untracked |  0
|  19|0x00000000c3300000, 0x00000000c3300000, 0x00000000c3400000|  0%| F|  |TAMS 0x00000000c3300000| PB 0x00000000c3300000| Untracked |  0
|  20|0x00000000c3400000, 0x00000000c34276d8, 0x00000000c3500000| 15%| S|CS|TAMS 0x00000000c3400000| PB 0x00000000c3400000| Complete |  0
|  21|0x00000000c3500000, 0x00000000c3500000, 0x00000000c3600000|  0%| F|  |TAMS 0x00000000c3500000| PB 0x00000000c3500000| Untracked |  0
|  22|0x00000000c3600000, 0x00000000c3600000, 0x00000000c3700000|  0%| F|  |TAMS 0x00000000c3600000| PB 0x00000000c3600000| Untracked |  0
|  23|0x00000000c3700000, 0x00000000c3800000, 0x00000000c3800000|100%| S|CS|TAMS 0x00000000c3700000| PB 0x00000000c3700000| Complete |  0
|  24|0x00000000c3800000, 0x00000000c3800000, 0x00000000c3900000|  0%| F|  |TAMS 0x00000000c3800000| PB 0x00000000c3800000| Untracked |  0
|  25|0x00000000c3900000, 0x00000000c3900000, 0x00000000c3a00000|  0%| F|  |TAMS 0x00000000c3900000| PB 0x00000000c3900000| Untracked |  0
|  26|0x00000000c3a00000, 0x00000000c3a00000, 0x00000000c3b00000|  0%| F|  |TAMS 0x00000000c3a00000| PB 0x00000000c3a00000| Untracked |  0
|  27|0x00000000c3b00000, 0x00000000c3b00000, 0x00000000c3c00000|  0%| F|  |TAMS 0x00000000c3b00000| PB 0x00000000c3b00000| Untracked |  0
|  28|0x00000000c3c00000, 0x00000000c3c00000, 0x00000000c3d00000|  0%| F|  |TAMS 0x00000000c3c00000| PB 0x00000000c3c00000| Untracked |  0
|  29|0x00000000c3d00000, 0x00000000c3d00000, 0x00000000c3e00000|  0%| F|  |TAMS 0x00000000c3d00000| PB 0x00000000c3d00000| Untracked |  0
|  30|0x00000000c3e00000, 0x00000000c3e00000, 0x00000000c3f00000|  0%| F|  |TAMS 0x00000000c3e00000| PB 0x00000000c3e00000| Untracked |  0
|  31|0x00000000c3f00000, 0x00000000c3f00000, 0x00000000c4000000|  0%| F|  |TAMS 0x00000000c3f00000| PB 0x00000000c3f00000| Untracked |  0
|  32|0x00000000c4000000, 0x00000000c4000000, 0x00000000c4100000|  0%| F|  |TAMS 0x00000000c4000000| PB 0x00000000c4000000| Untracked |  0
|  33|0x00000000c4100000, 0x00000000c4100000, 0x00000000c4200000|  0%| F|  |TAMS 0x00000000c4100000| PB 0x00000000c4100000| Untracked |  0
|  34|0x00000000c4200000, 0x00000000c4200000, 0x00000000c4300000|  0%| F|  |TAMS 0x00000000c4200000| PB 0x00000000c4200000| Untracked |  0
|  35|0x00000000c4300000, 0x00000000c4300000, 0x00000000c4400000|  0%| F|  |TAMS 0x00000000c4300000| PB 0x00000000c4300000| Untracked |  0
|  36|0x00000000c4400000, 0x00000000c4400000, 0x00000000c4500000|  0%| F|  |TAMS 0x00000000c4400000| PB 0x00000000c4400000| Untracked |  0
|  37|0x00000000c4500000, 0x00000000c4500000, 0x00000000c4600000|  0%| F|  |TAMS 0x00000000c4500000| PB 0x00000000c4500000| Untracked |  0
|  38|0x00000000c4600000, 0x00000000c4600000, 0x00000000c4700000|  0%| F|  |TAMS 0x00000000c4600000| PB 0x00000000c4600000| Untracked |  0
|  39|0x00000000c4700000, 0x00000000c4700000, 0x00000000c4800000|  0%| F|  |TAMS 0x00000000c4700000| PB 0x00000000c4700000| Untracked |  0
|  40|0x00000000c4800000, 0x00000000c4800000, 0x00000000c4900000|  0%| F|  |TAMS 0x00000000c4800000| PB 0x00000000c4800000| Untracked |  0
|  41|0x00000000c4900000, 0x00000000c4900000, 0x00000000c4a00000|  0%| F|  |TAMS 0x00000000c4900000| PB 0x00000000c4900000| Untracked |  0
|  42|0x00000000c4a00000, 0x00000000c4a00000, 0x00000000c4b00000|  0%| F|  |TAMS 0x00000000c4a00000| PB 0x00000000c4a00000| Untracked |  0
|  61|0x00000000c5d00000, 0x00000000c5d00000, 0x00000000c5e00000|  0%| F|  |TAMS 0x00000000c5d00000| PB 0x00000000c5d00000| Untracked |  0

Card table byte_map: [0x0000017f7b740000,0x0000017f7b930000] _byte_map_base: 0x0000017f7b130000

Marking Bits: (CMBitMap*) 0x0000017f7b4b5dd0
 Bits: [0x0000017f7b930000, 0x0000017f7c8b0000)

Polling page: 0x0000017f79440000

Metaspace:

Usage:
  Non-class:     27.02 MB used.
      Class:      3.81 MB used.
       Both:     30.83 MB used.

Virtual space:
  Non-class space:       64.00 MB reserved,      27.31 MB ( 43%) committed,  1 nodes.
      Class space:        1.00 GB reserved,       4.06 MB ( <1%) committed,  1 nodes.
             Both:        1.06 GB reserved,      31.38 MB (  3%) committed. 

Chunk freelists:
   Non-Class:  4.52 MB
       Class:  11.98 MB
        Both:  16.50 MB

MaxMetaspaceSize: unlimited
CompressedClassSpaceSize: 1.00 GB
Initial GC threshold: 21.00 MB
Current GC threshold: 35.31 MB
CDS: on
 - commit_granule_bytes: 65536.
 - commit_granule_words: 8192.
 - virtual_space_node_default_size: 8388608.
 - enlarge_chunks_in_place: 1.
 - use_allocation_guard: 0.


Internal statistics:

num_allocs_failed_limit: 3.
num_arena_births: 630.
num_arena_deaths: 0.
num_vsnodes_births: 2.
num_vsnodes_deaths: 0.
num_space_committed: 502.
num_space_uncommitted: 0.
num_chunks_returned_to_freelist: 3.
num_chunks_taken_from_freelist: 1778.
num_chunk_merges: 3.
num_chunk_splits: 1218.
num_chunks_enlarged: 894.
num_inconsistent_stats: 0.

CodeHeap 'non-profiled nmethods': size=120064Kb used=2453Kb max_used=2453Kb free=117610Kb
 bounds [0x0000017f10140000, 0x0000017f103b0000, 0x0000017f17680000]
CodeHeap 'profiled nmethods': size=120000Kb used=10024Kb max_used=10024Kb free=109975Kb
 bounds [0x0000017f08680000, 0x0000017f09050000, 0x0000017f0fbb0000]
CodeHeap 'non-nmethods': size=5696Kb used=1553Kb max_used=1622Kb free=4142Kb
 bounds [0x0000017f0fbb0000, 0x0000017f0fe20000, 0x0000017f10140000]
CodeCache: size=245760Kb, used=14030Kb, max_used=14099Kb, free=231727Kb
 total_blobs=7087, nmethods=6454, adapters=538, full_count=0
Compilation: enabled, stopped_count=0, restarted_count=0

Compilation events (20 events):
Event: 32.265 Thread 0x0000017f177dfda0 nmethod 6479 0x0000017f0903e788 code [0x0000017f0903e900, 0x0000017f0903ec20]
Event: 32.266 Thread 0x0000017f177dfda0 6480       2       java.lang.Character::toUpperCase (6 bytes)
Event: 32.266 Thread 0x0000017f177dfda0 nmethod 6480 0x0000017f0903ec88 code [0x0000017f0903edc0, 0x0000017f0903ef08]
Event: 32.268 Thread 0x0000017f177dfda0 6481       2       java.text.NumberFormat::format (31 bytes)
Event: 32.269 Thread 0x0000017f177dfda0 nmethod 6481 0x0000017f0903ef88 code [0x0000017f0903f0e0, 0x0000017f0903f350]
Event: 32.272 Thread 0x0000017f177dfda0 6482       2       com.salesforce.slds.shared.models.locations.Range::hashCode (29 bytes)
Event: 32.272 Thread 0x0000017f177dfda0 nmethod 6482 0x0000017f0903f388 code [0x0000017f0903f4c0, 0x0000017f0903f6c8]
Event: 32.276 Thread 0x0000017f177dfda0 6483       2       java.text.DontCareFieldPosition$1::formatted (1 bytes)
Event: 32.276 Thread 0x0000017f177dfda0 nmethod 6483 0x0000017f0903f708 code [0x0000017f0903f820, 0x0000017f0903f928]
Event: 32.278 Thread 0x0000017f177dfda0 6484       2       java.util.Formatter::ensureOpen (16 bytes)
Event: 32.278 Thread 0x0000017f177dfda0 nmethod 6484 0x0000017f0903fa08 code [0x0000017f0903fb20, 0x0000017f0903fc98]
Event: 32.284 Thread 0x0000017f177dfda0 6486       2       org.apache.commons.lang3.builder.EqualsBuilder::append (87 bytes)
Event: 32.285 Thread 0x0000017f177dfda0 nmethod 6486 0x0000017f0903fd08 code [0x0000017f0903fe80, 0x0000017f09040198]
Event: 32.321 Thread 0x0000017f177dfda0 6487       2       java.util.Formatter::parse (201 bytes)
Event: 32.322 Thread 0x0000017f177dfda0 nmethod 6487 0x0000017f09040208 code [0x0000017f09040440, 0x0000017f090411b8]
Event: 32.322 Thread 0x0000017f177dfda0 6489       3       com.salesforce.slds.shared.utils.TokenUtilities::generatePatterns (46 bytes)
Event: 32.323 Thread 0x0000017f177dfda0 nmethod 6489 0x0000017f09041288 code [0x0000017f09041420, 0x0000017f09041b00]
Event: 32.323 Thread 0x0000017f177dfda0 6488   !   2       java.util.Formatter::format (284 bytes)
Event: 32.324 Thread 0x0000017f177dfda0 nmethod 6488 0x0000017f09041b88 code [0x0000017f09041e00, 0x0000017f090427e0]
Event: 32.335 Thread 0x0000017f177dfda0 6491       2       com.salesforce.slds.validation.utils.CSSValidationUtilities::match (196 bytes)

GC Heap History (20 events):
Event: 12.426 GC heap before
{Heap before GC invocations=10 (full 0):
 garbage-first heap   total reserved 1015808K, committed 34816K, used 27818K [0x00000000c2000000, 0x0000000100000000)
  region size 1024K, 17 young (17408K), 1 survivors (1024K)
 Metaspace       used 21873K, committed 22272K, reserved 1114112K
  class space    used 2659K, committed 2880K, reserved 1048576K
}
Event: 12.427 GC heap after
{Heap after GC invocations=11 (full 0):
 garbage-first heap   total reserved 1015808K, committed 45056K, used 11005K [0x00000000c2000000, 0x0000000100000000)
  region size 1024K, 1 young (1024K), 1 survivors (1024K)
 Metaspace       used 21873K, committed 22272K, reserved 1114112K
  class space    used 2659K, committed 2880K, reserved 1048576K
}
Event: 13.664 GC heap before
{Heap before GC invocations=11 (full 0):
 garbage-first heap   total reserved 1015808K, committed 45056K, used 35581K [0x00000000c2000000, 0x0000000100000000)
  region size 1024K, 26 young (26624K), 1 survivors (1024K)
 Metaspace       used 25033K, committed 25472K, reserved 1114112K
  class space    used 3052K, committed 3264K, reserved 1048576K
}
Event: 13.667 GC heap after
{Heap after GC invocations=12 (full 0):
 garbage-first heap   total reserved 1015808K, committed 45056K, used 12744K [0x00000000c2000000, 0x0000000100000000)
  region size 1024K, 2 young (2048K), 2 survivors (2048K)
 Metaspace       used 25033K, committed 25472K, reserved 1114112K
  class space    used 3052K, committed 3264K, reserved 1048576K
}
Event: 14.605 GC heap before
{Heap before GC invocations=12 (full 0):
 garbage-first heap   total reserved 1015808K, committed 45056K, used 36296K [0x00000000c2000000, 0x0000000100000000)
  region size 1024K, 26 young (26624K), 2 survivors (2048K)
 Metaspace       used 26111K, committed 26560K, reserved 1114112K
  class space    used 3176K, committed 3392K, reserved 1048576K
}
Event: 14.610 GC heap after
{Heap after GC invocations=13 (full 0):
 garbage-first heap   total reserved 1015808K, committed 45056K, used 14964K [0x00000000c2000000, 0x0000000100000000)
  region size 1024K, 4 young (4096K), 4 survivors (4096K)
 Metaspace       used 26111K, committed 26560K, reserved 1114112K
  class space    used 3176K, committed 3392K, reserved 1048576K
}
Event: 30.042 GC heap before
{Heap before GC invocations=13 (full 0):
 garbage-first heap   total reserved 1015808K, committed 45056K, used 36468K [0x00000000c2000000, 0x0000000100000000)
  region size 1024K, 25 young (25600K), 4 survivors (4096K)
 Metaspace       used 27985K, committed 28480K, reserved 1114112K
  class space    used 3455K, committed 3712K, reserved 1048576K
}
Event: 30.050 GC heap after
{Heap after GC invocations=14 (full 0):
 garbage-first heap   total reserved 1015808K, committed 45056K, used 16720K [0x00000000c2000000, 0x0000000100000000)
  region size 1024K, 2 young (2048K), 2 survivors (2048K)
 Metaspace       used 27985K, committed 28480K, reserved 1114112K
  class space    used 3455K, committed 3712K, reserved 1048576K
}
Event: 31.593 GC heap before
{Heap before GC invocations=14 (full 0):
 garbage-first heap   total reserved 1015808K, committed 45056K, used 36176K [0x00000000c2000000, 0x0000000100000000)
  region size 1024K, 22 young (22528K), 2 survivors (2048K)
 Metaspace       used 31138K, committed 31680K, reserved 1114112K
  class space    used 3868K, committed 4096K, reserved 1048576K
}
Event: 31.597 GC heap after
{Heap after GC invocations=15 (full 0):
 garbage-first heap   total reserved 1015808K, committed 45056K, used 17701K [0x00000000c2000000, 0x0000000100000000)
  region size 1024K, 2 young (2048K), 2 survivors (2048K)
 Metaspace       used 31138K, committed 31680K, reserved 1114112K
  class space    used 3868K, committed 4096K, reserved 1048576K
}
Event: 31.928 GC heap before
{Heap before GC invocations=15 (full 0):
 garbage-first heap   total reserved 1015808K, committed 45056K, used 38181K [0x00000000c2000000, 0x0000000100000000)
  region size 1024K, 22 young (22528K), 2 survivors (2048K)
 Metaspace       used 31422K, committed 31936K, reserved 1114112K
  class space    used 3904K, committed 4160K, reserved 1048576K
}
Event: 31.931 GC heap after
{Heap after GC invocations=16 (full 0):
 garbage-first heap   total reserved 1015808K, committed 45056K, used 17661K [0x00000000c2000000, 0x0000000100000000)
  region size 1024K, 2 young (2048K), 2 survivors (2048K)
 Metaspace       used 31422K, committed 31936K, reserved 1114112K
  class space    used 3904K, committed 4160K, reserved 1048576K
}
Event: 32.032 GC heap before
{Heap before GC invocations=16 (full 0):
 garbage-first heap   total reserved 1015808K, committed 45056K, used 38141K [0x00000000c2000000, 0x0000000100000000)
  region size 1024K, 22 young (22528K), 2 survivors (2048K)
 Metaspace       used 31466K, committed 32000K, reserved 1114112K
  class space    used 3904K, committed 4160K, reserved 1048576K
}
Event: 32.035 GC heap after
{Heap after GC invocations=17 (full 0):
 garbage-first heap   total reserved 1015808K, committed 45056K, used 17760K [0x00000000c2000000, 0x0000000100000000)
  region size 1024K, 2 young (2048K), 2 survivors (2048K)
 Metaspace       used 31466K, committed 32000K, reserved 1114112K
  class space    used 3904K, committed 4160K, reserved 1048576K
}
Event: 32.156 GC heap before
{Heap before GC invocations=17 (full 0):
 garbage-first heap   total reserved 1015808K, committed 45056K, used 38240K [0x00000000c2000000, 0x0000000100000000)
  region size 1024K, 22 young (22528K), 2 survivors (2048K)
 Metaspace       used 31512K, committed 32064K, reserved 1114112K
  class space    used 3904K, committed 4160K, reserved 1048576K
}
Event: 32.158 GC heap after
{Heap after GC invocations=18 (full 0):
 garbage-first heap   total reserved 1015808K, committed 45056K, used 17702K [0x00000000c2000000, 0x0000000100000000)
  region size 1024K, 2 young (2048K), 2 survivors (2048K)
 Metaspace       used 31512K, committed 32064K, reserved 1114112K
  class space    used 3904K, committed 4160K, reserved 1048576K
}
Event: 32.246 GC heap before
{Heap before GC invocations=18 (full 0):
 garbage-first heap   total reserved 1015808K, committed 45056K, used 38182K [0x00000000c2000000, 0x0000000100000000)
  region size 1024K, 22 young (22528K), 2 survivors (2048K)
 Metaspace       used 31548K, committed 32064K, reserved 1114112K
  class space    used 3904K, committed 4160K, reserved 1048576K
}
Event: 32.248 GC heap after
{Heap after GC invocations=19 (full 0):
 garbage-first heap   total reserved 1015808K, committed 45056K, used 17752K [0x00000000c2000000, 0x0000000100000000)
  region size 1024K, 2 young (2048K), 2 survivors (2048K)
 Metaspace       used 31548K, committed 32064K, reserved 1114112K
  class space    used 3904K, committed 4160K, reserved 1048576K
}
Event: 32.315 GC heap before
{Heap before GC invocations=19 (full 0):
 garbage-first heap   total reserved 1015808K, committed 45056K, used 38232K [0x00000000c2000000, 0x0000000100000000)
  region size 1024K, 22 young (22528K), 2 survivors (2048K)
 Metaspace       used 31555K, committed 32064K, reserved 1114112K
  class space    used 3904K, committed 4160K, reserved 1048576K
}
Event: 32.317 GC heap after
{Heap after GC invocations=20 (full 0):
 garbage-first heap   total reserved 1015808K, committed 45056K, used 17652K [0x00000000c2000000, 0x0000000100000000)
  region size 1024K, 2 young (2048K), 2 survivors (2048K)
 Metaspace       used 31555K, committed 32064K, reserved 1114112K
  class space    used 3904K, committed 4160K, reserved 1048576K
}

Dll operation events (10 events):
Event: 0.023 Loaded shared library C:\Program Files\Java\jdk-23\bin\java.dll
Event: 0.115 Loaded shared library C:\Program Files\Java\jdk-23\bin\jsvml.dll
Event: 0.165 Loaded shared library C:\Program Files\Java\jdk-23\bin\net.dll
Event: 0.176 Loaded shared library C:\Program Files\Java\jdk-23\bin\nio.dll
Event: 0.199 Loaded shared library C:\Program Files\Java\jdk-23\bin\zip.dll
Event: 0.381 Loaded shared library C:\Program Files\Java\jdk-23\bin\jimage.dll
Event: 1.884 Loaded shared library C:\Program Files\Java\jdk-23\bin\verify.dll
Event: 12.712 Loaded shared library C:\Program Files\Java\jdk-23\bin\extnet.dll
Event: 15.189 Loaded shared library C:\Program Files\Java\jdk-23\bin\management.dll
Event: 15.208 Loaded shared library C:\Program Files\Java\jdk-23\bin\management_ext.dll

Deoptimization events (20 events):
Event: 31.983 Thread 0x0000017f5e1b27a0 Uncommon trap: trap_request=0xffffff45 fr.pc=0x0000017f1038bf40 relative=0x00000000000000a0
Event: 31.983 Thread 0x0000017f5e1b27a0 Uncommon trap: reason=unstable_if action=reinterpret pc=0x0000017f1038bf40 method=java.util.regex.Pattern$LastNode.match(Ljava/util/regex/Matcher;ILjava/lang/CharSequence;)Z @ 13 c2
Event: 31.983 Thread 0x0000017f5e1b27a0 DEOPT PACKING pc=0x0000017f1038bf40 sp=0x00000047ff4fde80
Event: 31.983 Thread 0x0000017f5e1b27a0 DEOPT UNPACKING pc=0x0000017f0fc04402 sp=0x00000047ff4fddf8 mode 2
Event: 31.998 Thread 0x0000017f5e1b27a0 DEOPT PACKING pc=0x0000017f08deabc8 sp=0x00000047ff4fe610
Event: 31.998 Thread 0x0000017f5e1b27a0 DEOPT UNPACKING pc=0x0000017f0fc04b22 sp=0x00000047ff4fdab0 mode 0
Event: 32.060 Thread 0x0000017f5e1b27a0 DEOPT PACKING pc=0x0000017f08deabc8 sp=0x00000047ff4fe610
Event: 32.060 Thread 0x0000017f5e1b27a0 DEOPT UNPACKING pc=0x0000017f0fc04b22 sp=0x00000047ff4fdab0 mode 0
Event: 32.076 Thread 0x0000017f5e1b27a0 DEOPT PACKING pc=0x0000017f08deabc8 sp=0x00000047ff4fe610
Event: 32.076 Thread 0x0000017f5e1b27a0 DEOPT UNPACKING pc=0x0000017f0fc04b22 sp=0x00000047ff4fdab0 mode 0
Event: 32.174 Thread 0x0000017f5e1b27a0 DEOPT PACKING pc=0x0000017f08deabc8 sp=0x00000047ff4fe610
Event: 32.174 Thread 0x0000017f5e1b27a0 DEOPT UNPACKING pc=0x0000017f0fc04b22 sp=0x00000047ff4fdab0 mode 0
Event: 32.189 Thread 0x0000017f5e1b41e0 DEOPT PACKING pc=0x0000017f08e384e1 sp=0x00000047fdafe7f0
Event: 32.189 Thread 0x0000017f5e1b41e0 DEOPT UNPACKING pc=0x0000017f0fc04b22 sp=0x00000047fdafdc90 mode 0
Event: 32.274 Thread 0x0000017f5e1b27a0 DEOPT PACKING pc=0x0000017f08deabc8 sp=0x00000047ff4fe610
Event: 32.274 Thread 0x0000017f5e1b27a0 DEOPT UNPACKING pc=0x0000017f0fc04b22 sp=0x00000047ff4fdab0 mode 0
Event: 32.283 Thread 0x0000017f5e1b27a0 DEOPT PACKING pc=0x0000017f08deabc8 sp=0x00000047ff4fe610
Event: 32.283 Thread 0x0000017f5e1b27a0 DEOPT UNPACKING pc=0x0000017f0fc04b22 sp=0x00000047ff4fdab0 mode 0
Event: 32.331 Thread 0x0000017f5e1b27a0 DEOPT PACKING pc=0x0000017f08deabc8 sp=0x00000047ff4fe610
Event: 32.331 Thread 0x0000017f5e1b27a0 DEOPT UNPACKING pc=0x0000017f0fc04b22 sp=0x00000047ff4fdab0 mode 0

Classes loaded (20 events):
Event: 31.134 Loading class java/util/ResourceBundle$BundleReference
Event: 31.135 Loading class java/util/ResourceBundle$BundleReference done
Event: 31.136 Loading class java/io/CharArrayWriter
Event: 31.137 Loading class java/io/CharArrayWriter done
Event: 31.459 Loading class sun/util/resources/LocaleData$CommonResourceBundleProvider
Event: 31.460 Loading class sun/util/resources/LocaleData$LocaleDataResourceBundleProvider
Event: 31.460 Loading class java/util/spi/ResourceBundleProvider
Event: 31.460 Loading class java/util/spi/ResourceBundleProvider done
Event: 31.460 Loading class sun/util/resources/LocaleData$LocaleDataResourceBundleProvider done
Event: 31.460 Loading class sun/util/resources/LocaleData$CommonResourceBundleProvider done
Event: 31.460 Loading class java/util/ArrayList$SubList$1
Event: 31.462 Loading class java/util/ArrayList$SubList$1 done
Event: 31.463 Loading class sun/util/resources/Bundles$2
Event: 31.463 Loading class sun/util/resources/Bundles$2 done
Event: 31.563 Loading class java/text/FieldPosition$Delegate
Event: 31.565 Loading class java/text/FieldPosition$Delegate done
Event: 31.565 Loading class jdk/internal/math/FDBigInteger
Event: 31.567 Loading class jdk/internal/math/FDBigInteger done
Event: 31.694 Loading class java/text/DigitList$1
Event: 31.694 Loading class java/text/DigitList$1 done

Classes unloaded (0 events):
No events

Classes redefined (0 events):
No events

Internal exceptions (20 events):
Event: 14.176 Thread 0x0000017f791da2a0 Exception <a 'java/lang/ClassNotFoundException'{0x00000000c415a3b0}: com/salesforce/slds/validation/validators/models/Properties$ItemBeanInfo> (0x00000000c415a3b0) 
thrown [s\open\src\hotspot\share\classfile\systemDictionary.cpp, line 313]
Event: 14.177 Thread 0x0000017f791da2a0 Exception <a 'java/lang/ClassNotFoundException'{0x00000000c41710d8}: com/salesforce/slds/validation/validators/models/Properties$ItemCustomizer> (0x00000000c41710d8) 
thrown [s\open\src\hotspot\share\classfile\systemDictionary.cpp, line 313]
Event: 14.389 Thread 0x0000017f791da2a0 Exception <a 'java/lang/NoSuchMethodError'{0x00000000c3b70310}: 'void java.lang.invoke.Invokers$Holder.invokeExact_MT(java.lang.Object, java.lang.Object, int, java.lang.Object)'> (0x00000000c3b70310) 
thrown [s\open\src\hotspot\share\interpreter\linkResolver.cpp, line 796]
Event: 14.878 Thread 0x0000017f791da2a0 Exception <a 'java/lang/NoSuchMethodError'{0x00000000c42774f0}: 'int java.lang.invoke.DirectMethodHandle$Holder.invokeSpecial(java.lang.Object, java.lang.Object, java.lang.Object, java.lang.Object, java.lang.Object)'> (0x00000000c42774f0) 
thrown [s\open\src\hotspot\share\interpreter\linkResolver.cpp, line 796]
Event: 14.927 Thread 0x0000017f791da2a0 Exception <a 'java/lang/NoSuchMethodError'{0x00000000c410b2c0}: 'java.lang.Object java.lang.invoke.DirectMethodHandle$Holder.invokeVirtual(java.lang.Object, java.lang.Object, java.lang.Object, java.lang.Object, java.lang.Object, java.lang.Object)'> (0x00000000c410b2c0) 
thrown [s\open\src\hotspot\share\interpreter\linkResolver.cpp, line 796]
Event: 14.943 Thread 0x0000017f791da2a0 Exception <a 'java/lang/NoSuchMethodError'{0x00000000c413a2f0}: 'java.lang.Object java.lang.invoke.DirectMethodHandle$Holder.invokeVirtual(java.lang.Object, java.lang.Object, java.lang.Object, java.lang.Object, java.lang.Object)'> (0x00000000c413a2f0) 
thrown [s\open\src\hotspot\share\interpreter\linkResolver.cpp, line 796]
Event: 15.127 Thread 0x0000017f791da2a0 Exception <a 'java/lang/NoSuchMethodError'{0x00000000c3f0c5e0}: 'long java.lang.invoke.DirectMethodHandle$Holder.invokeSpecial(java.lang.Object, java.lang.Object)'> (0x00000000c3f0c5e0) 
thrown [s\open\src\hotspot\share\interpreter\linkResolver.cpp, line 796]
Event: 15.131 Thread 0x0000017f791da2a0 Exception <a 'java/lang/NoSuchMethodError'{0x00000000c3f29920}: 'void java.lang.invoke.DirectMethodHandle$Holder.invokeVirtual(java.lang.Object, java.lang.Object, long)'> (0x00000000c3f29920) 
thrown [s\open\src\hotspot\share\interpreter\linkResolver.cpp, line 796]
Event: 15.160 Thread 0x0000017f791da2a0 Exception <a 'java/lang/NoSuchMethodError'{0x00000000c3f5a9d8}: 'java.lang.Object java.lang.invoke.DirectMethodHandle$Holder.newInvokeSpecial(java.lang.Object, java.lang.Object, int, java.lang.Object, java.lang.Object)'> (0x00000000c3f5a9d8) 
thrown [s\open\src\hotspot\share\interpreter\linkResolver.cpp, line 796]
Event: 15.161 Thread 0x0000017f791da2a0 Exception <a 'java/lang/NoSuchMethodError'{0x00000000c3f68d60}: 'java.lang.Object java.lang.invoke.DirectMethodHandle$Holder.newInvokeSpecial(java.lang.Object, java.lang.Object, java.lang.Object, int)'> (0x00000000c3f68d60) 
thrown [s\open\src\hotspot\share\interpreter\linkResolver.cpp, line 796]
Event: 15.162 Thread 0x0000017f791da2a0 Exception <a 'java/lang/NoSuchMethodError'{0x00000000c3f6cc38}: 'java.lang.Object java.lang.invoke.DirectMethodHandle$Holder.invokeSpecial(java.lang.Object, java.lang.Object, java.lang.Object, java.lang.Object, int)'> (0x00000000c3f6cc38) 
thrown [s\open\src\hotspot\share\interpreter\linkResolver.cpp, line 796]
Event: 15.162 Thread 0x0000017f791da2a0 Exception <a 'java/lang/NoSuchMethodError'{0x00000000c3f700d8}: 'java.lang.Object java.lang.invoke.Invokers$Holder.linkToTargetMethod(java.lang.Object, java.lang.Object, int, java.lang.Object)'> (0x00000000c3f700d8) 
thrown [s\open\src\hotspot\share\interpreter\linkResolver.cpp, line 796]
Event: 19.838 Thread 0x0000017f5e1b0d60 Exception <a 'java/lang/NoSuchMethodError'{0x00000000c3c241a0}: 'int java.lang.invoke.Invokers$Holder.invokeExact_MT(java.lang.Object, java.lang.Object, java.lang.Object)'> (0x00000000c3c241a0) 
thrown [s\open\src\hotspot\share\interpreter\linkResolver.cpp, line 796]
Event: 29.923 Thread 0x0000017f5e1b0d60 Exception <a 'java/lang/IncompatibleClassChangeError'{0x00000000c3785638}: Found class java.lang.Object, but interface was expected> (0x00000000c3785638) 
thrown [s\open\src\hotspot\share\interpreter\linkResolver.cpp, line 863]
Event: 29.964 Thread 0x0000017f5e1b0d60 Exception <a 'java/lang/IncompatibleClassChangeError'{0x00000000c378e508}: Found class java.lang.Object, but interface was expected> (0x00000000c378e508) 
thrown [s\open\src\hotspot\share\interpreter\linkResolver.cpp, line 863]
Event: 29.964 Thread 0x0000017f5e1b0d60 Exception <a 'java/lang/NoSuchMethodError'{0x00000000c378f818}: 'void java.lang.invoke.DirectMethodHandle$Holder.invokeSpecial(java.lang.Object, java.lang.Object, int, java.lang.Object)'> (0x00000000c378f818) 
thrown [s\open\src\hotspot\share\interpreter\linkResolver.cpp, line 796]
Event: 29.966 Thread 0x0000017f5e1b0d60 Exception <a 'java/lang/NoSuchMethodError'{0x00000000c3795840}: 'java.lang.Object java.lang.invoke.DirectMethodHandle$Holder.newInvokeSpecial(java.lang.Object, java.lang.Object, int)'> (0x00000000c3795840) 
thrown [s\open\src\hotspot\share\interpreter\linkResolver.cpp, line 796]
Event: 30.242 Thread 0x0000017f5e1b0d60 Implicit null exception at 0x0000017f10253d14 to 0x0000017f10253e28
Event: 31.433 Thread 0x0000017f5e1b0d60 Exception <a 'java/lang/IncompatibleClassChangeError'{0x00000000c39c4f50}: Found class java.lang.Object, but interface was expected> (0x00000000c39c4f50) 
thrown [s\open\src\hotspot\share\interpreter\linkResolver.cpp, line 863]
Event: 31.609 Thread 0x0000017f5e1b27a0 Implicit null exception at 0x0000017f1035a656 to 0x0000017f1035a8b0

VM Operations (20 events):
Event: 14.739 Executing VM operation: HandshakeAllThreads (Deoptimize)
Event: 14.739 Executing VM operation: HandshakeAllThreads (Deoptimize) done
Event: 15.121 Executing VM operation: HandshakeAllThreads (Deoptimize)
Event: 15.121 Executing VM operation: HandshakeAllThreads (Deoptimize) done
Event: 15.233 Executing VM operation: HandshakeAllThreads (Deoptimize)
Event: 15.233 Executing VM operation: HandshakeAllThreads (Deoptimize) done
Event: 30.042 Executing VM operation: G1CollectForAllocation (G1 Evacuation Pause)
Event: 30.050 Executing VM operation: G1CollectForAllocation (G1 Evacuation Pause) done
Event: 31.567 Executing VM operation: G1CollectForAllocation (G1 Evacuation Pause)
Event: 31.597 Executing VM operation: G1CollectForAllocation (G1 Evacuation Pause) done
Event: 31.891 Executing VM operation: G1CollectForAllocation (G1 Evacuation Pause)
Event: 31.931 Executing VM operation: G1CollectForAllocation (G1 Evacuation Pause) done
Event: 32.000 Executing VM operation: G1CollectForAllocation (G1 Evacuation Pause)
Event: 32.035 Executing VM operation: G1CollectForAllocation (G1 Evacuation Pause) done
Event: 32.156 Executing VM operation: G1CollectForAllocation (G1 Evacuation Pause)
Event: 32.158 Executing VM operation: G1CollectForAllocation (G1 Evacuation Pause) done
Event: 32.217 Executing VM operation: G1CollectForAllocation (G1 Evacuation Pause)
Event: 32.248 Executing VM operation: G1CollectForAllocation (G1 Evacuation Pause) done
Event: 32.291 Executing VM operation: G1CollectForAllocation (G1 Evacuation Pause)
Event: 32.317 Executing VM operation: G1CollectForAllocation (G1 Evacuation Pause) done

Memory protections (0 events):
No events

Nmethod flushes (0 events):
No events

Events (20 events):
Event: 13.682 Thread 0x0000017f5e1b3b50 Thread exited: 0x0000017f5e1b3b50
Event: 13.798 Thread 0x0000017f5e1b2e30 Thread exited: 0x0000017f5e1b2e30
Event: 13.798 Thread 0x0000017f5e1b2110 Thread exited: 0x0000017f5e1b2110
Event: 14.597 Thread 0x0000017f791da2a0 Thread added: 0x0000017f5e1b27a0
Event: 14.597 Thread 0x0000017f791da2a0 Thread added: 0x0000017f5e1b3b50
Event: 14.597 Thread 0x0000017f791da2a0 Thread added: 0x0000017f5e1b1a80
Event: 14.597 Thread 0x0000017f791da2a0 Thread added: 0x0000017f5e1b34c0
Event: 14.597 Thread 0x0000017f791da2a0 Thread added: 0x0000017f5e1b2110
Event: 14.597 Thread 0x0000017f791da2a0 Thread added: 0x0000017f5e1b2e30
Event: 14.635 Thread 0x0000017f5e1b1a80 Thread exited: 0x0000017f5e1b1a80
Event: 14.635 Thread 0x0000017f5e1b27a0 Thread exited: 0x0000017f5e1b27a0
Event: 14.636 Thread 0x0000017f5e1b3b50 Thread exited: 0x0000017f5e1b3b50
Event: 14.636 Thread 0x0000017f5e1b34c0 Thread exited: 0x0000017f5e1b34c0
Event: 14.644 Thread 0x0000017f5e1b2110 Thread exited: 0x0000017f5e1b2110
Event: 14.644 Thread 0x0000017f5e1b2e30 Thread exited: 0x0000017f5e1b2e30
Event: 15.248 Thread 0x0000017f791da2a0 Thread exited: 0x0000017f791da2a0
Event: 15.248 Thread 0x0000017f5e1b1a80 Thread added: 0x0000017f5e1b1a80
Event: 31.441 Thread 0x0000017f5e1b0d60 Thread added: 0x0000017f5e1b41e0
Event: 31.441 Thread 0x0000017f5e1b0d60 Thread added: 0x0000017f5e1b27a0
Event: 31.519 Thread 0x0000017f5e1b41e0 Thread added: 0x0000017f5e1b2110


Dynamic libraries:
0x00007ff6ee640000 - 0x00007ff6ee650000 	C:\Program Files\Java\jdk-23\bin\java.exe
0x00007ffcc3e30000 - 0x00007ffcc4028000 	C:\WINDOWS\SYSTEM32\ntdll.dll
0x00007ffcc1e70000 - 0x00007ffcc1f32000 	C:\WINDOWS\System32\KERNEL32.DLL
0x00007ffcc1520000 - 0x00007ffcc181f000 	C:\WINDOWS\System32\KERNELBASE.dll
0x00007ffcc1a00000 - 0x00007ffcc1b00000 	C:\WINDOWS\System32\ucrtbase.dll
0x00007ffcbcff0000 - 0x00007ffcbd007000 	C:\Program Files\Java\jdk-23\bin\jli.dll
0x00007ffcc1f50000 - 0x00007ffcc20ed000 	C:\WINDOWS\System32\USER32.dll
0x00007ffcc1d00000 - 0x00007ffcc1d22000 	C:\WINDOWS\System32\win32u.dll
0x00007ffcc28b0000 - 0x00007ffcc28db000 	C:\WINDOWS\System32\GDI32.dll
0x00007ffcc1d30000 - 0x00007ffcc1e4a000 	C:\WINDOWS\System32\gdi32full.dll
0x00007ffcb3d90000 - 0x00007ffcb402a000 	C:\WINDOWS\WinSxS\amd64_microsoft.windows.common-controls_6595b64144ccf1df_6.0.19041.4355_none_60b8b9eb71f62e16\COMCTL32.dll
0x00007ffcc1960000 - 0x00007ffcc19fd000 	C:\WINDOWS\System32\msvcp_win.dll
0x00007ffcc2cb0000 - 0x00007ffcc2d4e000 	C:\WINDOWS\System32\msvcrt.dll
0x00007ffcbaeb0000 - 0x00007ffcbaecb000 	C:\Program Files\Java\jdk-23\bin\VCRUNTIME140.dll
0x00007ffcc2960000 - 0x00007ffcc298f000 	C:\WINDOWS\System32\IMM32.DLL
0x00007ffcbd0c0000 - 0x00007ffcbd0cc000 	C:\Program Files\Java\jdk-23\bin\vcruntime140_1.dll
0x00007ffca94f0000 - 0x00007ffca957e000 	C:\Program Files\Java\jdk-23\bin\msvcp140.dll
0x00007ffc79ab0000 - 0x00007ffc7a800000 	C:\Program Files\Java\jdk-23\bin\server\jvm.dll
0x00007ffcc2450000 - 0x00007ffcc24ff000 	C:\WINDOWS\System32\ADVAPI32.dll
0x00007ffcc2e80000 - 0x00007ffcc2f1f000 	C:\WINDOWS\System32\sechost.dll
0x00007ffcc2d50000 - 0x00007ffcc2e73000 	C:\WINDOWS\System32\RPCRT4.dll
0x00007ffcc1cd0000 - 0x00007ffcc1cf7000 	C:\WINDOWS\System32\bcrypt.dll
0x00007ffcc2840000 - 0x00007ffcc28ab000 	C:\WINDOWS\System32\WS2_32.dll
0x00007ffcb1d70000 - 0x00007ffcb1d97000 	C:\WINDOWS\SYSTEM32\WINMM.dll
0x00007ffcbd1f0000 - 0x00007ffcbd1fa000 	C:\WINDOWS\SYSTEM32\VERSION.dll
0x00007ffcc1330000 - 0x00007ffcc137b000 	C:\WINDOWS\SYSTEM32\POWRPROF.dll
0x00007ffcc1310000 - 0x00007ffcc1322000 	C:\WINDOWS\SYSTEM32\UMPDC.dll
0x00007ffcbfcf0000 - 0x00007ffcbfd02000 	C:\WINDOWS\SYSTEM32\kernel.appcore.dll
0x00007ffcbd060000 - 0x00007ffcbd06a000 	C:\Program Files\Java\jdk-23\bin\jimage.dll
0x00007ffcbf240000 - 0x00007ffcbf424000 	C:\WINDOWS\SYSTEM32\DBGHELP.DLL
0x00007ffcab0b0000 - 0x00007ffcab0e4000 	C:\WINDOWS\SYSTEM32\dbgcore.DLL
0x00007ffcc18d0000 - 0x00007ffcc1952000 	C:\WINDOWS\System32\bcryptPrimitives.dll
0x00007ffcbae70000 - 0x00007ffcbae8e000 	C:\Program Files\Java\jdk-23\bin\java.dll
0x00007ffcc3c60000 - 0x00007ffcc3d8b000 	C:\WINDOWS\System32\ole32.dll
0x00007ffcc20f0000 - 0x00007ffcc2445000 	C:\WINDOWS\System32\combase.dll
0x00007ffcc34f0000 - 0x00007ffcc3c5d000 	C:\WINDOWS\System32\SHELL32.dll
0x00007ffcbf430000 - 0x00007ffcbfbd4000 	C:\WINDOWS\SYSTEM32\windows.storage.dll
0x00007ffcc0e30000 - 0x00007ffcc0e5f000 	C:\WINDOWS\SYSTEM32\Wldp.dll
0x00007ffcc2770000 - 0x00007ffcc283d000 	C:\WINDOWS\System32\OLEAUT32.dll
0x00007ffcc2500000 - 0x00007ffcc25ad000 	C:\WINDOWS\System32\SHCORE.dll
0x00007ffcc2990000 - 0x00007ffcc29e5000 	C:\WINDOWS\System32\shlwapi.dll
0x00007ffcc1400000 - 0x00007ffcc1424000 	C:\WINDOWS\SYSTEM32\profapi.dll
0x00007ffc9f220000 - 0x00007ffc9f2f7000 	C:\Program Files\Java\jdk-23\bin\jsvml.dll
0x00007ffcbce80000 - 0x00007ffcbce90000 	C:\Program Files\Java\jdk-23\bin\net.dll
0x00007ffcc0b90000 - 0x00007ffcc0bfc000 	C:\WINDOWS\system32\mswsock.dll
0x00007ffcbae50000 - 0x00007ffcbae66000 	C:\Program Files\Java\jdk-23\bin\nio.dll
0x00007ffcbadd0000 - 0x00007ffcbade7000 	C:\Program Files\Java\jdk-23\bin\zip.dll
0x00007ffcbae40000 - 0x00007ffcbae50000 	C:\Program Files\Java\jdk-23\bin\verify.dll
0x00007ffcc08b0000 - 0x00007ffcc097a000 	C:\WINDOWS\SYSTEM32\DNSAPI.dll
0x00007ffcc0870000 - 0x00007ffcc08ab000 	C:\WINDOWS\SYSTEM32\IPHLPAPI.DLL
0x00007ffcc25b0000 - 0x00007ffcc25b8000 	C:\WINDOWS\System32\NSI.dll
0x00007ffcb8470000 - 0x00007ffcb847a000 	C:\Windows\System32\rasadhlp.dll
0x00007ffcb2590000 - 0x00007ffcb2610000 	C:\WINDOWS\System32\fwpuclnt.dll
0x00007ffcbadc0000 - 0x00007ffcbadc9000 	C:\Program Files\Java\jdk-23\bin\extnet.dll
0x00007ffcbabd0000 - 0x00007ffcbabda000 	C:\Program Files\Java\jdk-23\bin\management.dll
0x00007ffcba840000 - 0x00007ffcba84b000 	C:\Program Files\Java\jdk-23\bin\management_ext.dll
0x00007ffcc2bf0000 - 0x00007ffcc2bf8000 	C:\WINDOWS\System32\PSAPI.DLL

dbghelp: loaded successfully - version: 4.0.5 - missing functions: none
symbol engine: initialized successfully - sym options: 0x614 - pdb path: .;C:\Program Files\Java\jdk-23\bin;C:\WINDOWS\SYSTEM32;C:\WINDOWS\WinSxS\amd64_microsoft.windows.common-controls_6595b64144ccf1df_6.0.19041.4355_none_60b8b9eb71f62e16;C:\Program Files\Java\jdk-23\bin\server

VM Arguments:
java_command: c:\Users\hi\.vscode\extensions\salesforce.salesforce-vscode-slds-2.0.12\lsp-2.0.12-executable.jar --PORT=62889
java_class_path (initial): c:\Users\hi\.vscode\extensions\salesforce.salesforce-vscode-slds-2.0.12\lsp-2.0.12-executable.jar
Launcher Type: SUN_STANDARD

[Global flags]
     intx CICompilerCount                          = 3                                         {product} {ergonomic}
     uint ConcGCThreads                            = 1                                         {product} {ergonomic}
     uint G1ConcRefinementThreads                  = 4                                         {product} {ergonomic}
   size_t G1HeapRegionSize                         = 1048576                                   {product} {ergonomic}
   size_t InitialHeapSize                          = 65011712                                  {product} {ergonomic}
   size_t MarkStackSize                            = 4194304                                   {product} {ergonomic}
   size_t MarkStackSizeMax                         = 536870912                                 {product} {ergonomic}
   size_t MaxHeapSize                              = 1040187392                                {product} {ergonomic}
   size_t MaxNewSize                               = 623902720                                 {product} {ergonomic}
   size_t MinHeapDeltaBytes                        = 1048576                                   {product} {ergonomic}
   size_t MinHeapSize                              = 8388608                                   {product} {ergonomic}
    uintx NonNMethodCodeHeapSize                   = 5832704                                {pd product} {ergonomic}
    uintx NonProfiledCodeHeapSize                  = 122945536                              {pd product} {ergonomic}
    uintx ProfiledCodeHeapSize                     = 122880000                              {pd product} {ergonomic}
    uintx ReservedCodeCacheSize                    = 251658240                              {pd product} {ergonomic}
     bool SegmentedCodeCache                       = true                                      {product} {ergonomic}
   size_t SoftMaxHeapSize                          = 1040187392                             {manageable} {ergonomic}
     bool UseCompressedOops                        = true                           {product lp64_product} {ergonomic}
     bool UseG1GC                                  = true                                      {product} {ergonomic}
     bool UseLargePagesIndividualAllocation        = false                                  {pd product} {ergonomic}

Logging:
Log output configuration:
 #0: stdout all=warning uptime,level,tags foldmultilines=false
 #1: stderr all=off uptime,level,tags foldmultilines=false

Environment Variables:
JAVA_HOME=C:\Program Files\Java\jdk-23
PATH=C:\Program Files\Common Files\Oracle\Java\javapath;C:\Python313\Scripts\;C:\Python313\;C:\Python312\Scripts\;C:\Python312\;C:\WINDOWS\system32;C:\WINDOWS;C:\WINDOWS\System32\Wbem;C:\WINDOWS\System32\WindowsPowerShell\v1.0\;C:\WINDOWS\System32\OpenSSH\;C:\ProgramData\chocolatey\bin;C:\Program Files\Git\cmd;C:\Program Files\nodejs\;C:\Users\hi\AppData\Local\Microsoft\WindowsApps;C:\Users\hi\AppData\Local\Programs\Microsoft VS Code\bin;C:\Users\hi\mongosh\;C:\Users\hi\AppData\Local\GitHubDesktop\bin;C:\Users\hi\AppData\Roaming\npm;C:\Users\hi\AppData\Local\Android\Sdk\platform-tools;
USERNAME=hi
OS=Windows_NT
PROCESSOR_IDENTIFIER=Intel64 Family 6 Model 142 Stepping 9, GenuineIntel
TMP=C:\Users\hi\AppData\Local\Temp
TEMP=C:\Users\hi\AppData\Local\Temp




Periodic native trim disabled

---------------  S Y S T E M  ---------------

OS:
 Windows 10 , 64 bit Build 19041 (10.0.19041.5438)
OS uptime: 4 days 18:27 hours

CPU: total 4 (initial active 4) (2 cores per cpu, 2 threads per core) family 6 model 142 stepping 9 microcode 0xb4, cx8, cmov, fxsr, ht, mmx, 3dnowpref, sse, sse2, sse3, ssse3, sse4.1, sse4.2, popcnt, lzcnt, tsc, tscinvbit, avx, avx2, aes, erms, clmul, bmi1, bmi2, adx, fma, vzeroupper, clflush, clflushopt, rdtscp, f16c
Processor Information for the first 4 processors :
  Max Mhz: 2701, Current Mhz: 2701, Mhz Limit: 2701

Memory: 4k page, system-wide physical 3962M (99M free)
TotalPageFile size 16250M (AvailPageFile size 40M)
current process WorkingSet (physical memory assigned to process): 147M, peak: 163M
current process commit charge ("private bytes"): 184M, peak: 193M

vm_info: Java HotSpot(TM) 64-Bit Server VM (23.0.2+7-58) for windows-amd64 JRE (23.0.2+7-58), built on 2024-11-29T09:34:55Z with MS VC++ 17.6 (VS2022)

END.
