#
# There is insufficient memory for the Java Runtime Environment to continue.
# Native memory allocation (malloc) failed to allocate 1144368 bytes. Error detail: Chunk::new
# Possible reasons:
#   The system is out of physical RAM or swap space
#   This process is running with CompressedOops enabled, and the Java Heap may be blocking the growth of the native heap
# Possible solutions:
#   Reduce memory load on the system
#   Increase physical memory or swap space
#   Check if swap backing store is full
#   Decrease Java heap size (-Xmx/-Xms)
#   Decrease number of Java threads
#   Decrease Java thread stack sizes (-Xss)
#   Set larger code cache with -XX:ReservedCodeCacheSize=
#   JVM is running with Unscaled Compressed Oops mode in which the Java heap is
#     placed in the first 4GB address space. The Java Heap base address is the
#     maximum limit for the native heap growth. Please use -XX:HeapBaseMinAddress
#     to set the Java Heap base and to place the Java Heap above 4GB virtual address.
# This output file may be truncated or incomplete.
#
#  Out of Memory Error (arena.cpp:149), pid=14684, tid=12636
#
# JRE version: Java(TM) SE Runtime Environment (23.0.2+7) (build 23.0.2+7-58)
# Java VM: Java HotSpot(TM) 64-Bit Server VM (23.0.2+7-58, mixed mode, sharing, tiered, compressed oops, compressed class ptrs, g1 gc, windows-amd64)
# No core dump will be written. Minidumps are not enabled by default on client versions of Windows
#

---------------  S U M M A R Y ------------

Command Line: c:\Users\hi\.vscode\extensions\salesforce.salesforce-vscode-slds-2.0.12\lsp-2.0.12-executable.jar --PORT=63021

Host: Intel(R) Core(TM) i5-7200U CPU @ 2.50GHz, 4 cores, 3G,  Windows 10 , 64 bit Build 19041 (10.0.19041.5438)
Time: Fri Mar 14 13:51:18 2025 India Standard Time elapsed time: 3.209832 seconds (0d 0h 0m 3s)

---------------  T H R E A D  ---------------

Current thread (0x000001a775129e60):  JavaThread "C2 CompilerThread0" daemon [_thread_in_native, id=12636, stack(0x0000005f01700000,0x0000005f01800000) (1024K)]


Current CompileTask:
C2:3209 1352   !   4       jdk.internal.loader.URLClassPath$Loader::getResource (95 bytes)

Stack: [0x0000005f01700000,0x0000005f01800000]
Native frames: (J=compiled Java code, j=interpreted, Vv=VM code, C=native code)
V  [jvm.dll+0x6e0b99]  (no source info available)
V  [jvm.dll+0x87e2b3]  (no source info available)
V  [jvm.dll+0x88073e]  (no source info available)
V  [jvm.dll+0x880e13]  (no source info available)
V  [jvm.dll+0x27b006]  (no source info available)
V  [jvm.dll+0xbc06f]  (no source info available)
V  [jvm.dll+0xbc2cb]  (no source info available)
V  [jvm.dll+0x3b3c5c]  (no source info available)
V  [jvm.dll+0x38a55b]  (no source info available)
V  [jvm.dll+0x3899ca]  (no source info available)
V  [jvm.dll+0x244ba1]  (no source info available)
V  [jvm.dll+0x243eff]  (no source info available)
V  [jvm.dll+0x1c34b0]  (no source info available)
V  [jvm.dll+0x253df1]  (no source info available)
V  [jvm.dll+0x2520aa]  (no source info available)
V  [jvm.dll+0x3ee226]  (no source info available)
V  [jvm.dll+0x8254cb]  (no source info available)
V  [jvm.dll+0x6df345]  (no source info available)
C  [ucrtbase.dll+0x21bb2]  (no source info available)
C  [KERNEL32.DLL+0x17374]  (no source info available)
C  [ntdll.dll+0x4cc91]  (no source info available)

Lock stack of current Java thread (top to bottom):


---------------  P R O C E S S  ---------------

Threads class SMR info:
_java_thread_list=0x000001a775425c80, length=12, elements={
0x000001a716f29a10, 0x000001a7751227a0, 0x000001a71928d530, 0x000001a71928e1f0,
0x000001a775127f40, 0x000001a7751289a0, 0x000001a775129400, 0x000001a775129e60,
0x000001a775159710, 0x000001a775236ca0, 0x000001a7751fda30, 0x000001a7754379b0
}

Java Threads: ( => current thread )
  0x000001a716f29a10 JavaThread "main"                              [_thread_in_native, id=15540, stack(0x0000005f00900000,0x0000005f00a00000) (1024K)]
  0x000001a7751227a0 JavaThread "Reference Handler"          daemon [_thread_blocked, id=1608, stack(0x0000005f01100000,0x0000005f01200000) (1024K)]
  0x000001a71928d530 JavaThread "Finalizer"                  daemon [_thread_blocked, id=16632, stack(0x0000005f01200000,0x0000005f01300000) (1024K)]
  0x000001a71928e1f0 JavaThread "Signal Dispatcher"          daemon [_thread_blocked, id=4324, stack(0x0000005f01300000,0x0000005f01400000) (1024K)]
  0x000001a775127f40 JavaThread "Attach Listener"            daemon [_thread_blocked, id=5308, stack(0x0000005f01400000,0x0000005f01500000) (1024K)]
  0x000001a7751289a0 JavaThread "Service Thread"             daemon [_thread_blocked, id=1208, stack(0x0000005f01500000,0x0000005f01600000) (1024K)]
  0x000001a775129400 JavaThread "Monitor Deflation Thread"   daemon [_thread_blocked, id=10644, stack(0x0000005f01600000,0x0000005f01700000) (1024K)]
=>0x000001a775129e60 JavaThread "C2 CompilerThread0"         daemon [_thread_in_native, id=12636, stack(0x0000005f01700000,0x0000005f01800000) (1024K)]
  0x000001a775159710 JavaThread "C1 CompilerThread0"         daemon [_thread_blocked, id=2736, stack(0x0000005f01800000,0x0000005f01900000) (1024K)]
  0x000001a775236ca0 JavaThread "Notification Thread"        daemon [_thread_blocked, id=6508, stack(0x0000005f01900000,0x0000005f01a00000) (1024K)]
  0x000001a7751fda30 JavaThread "Common-Cleaner"             daemon [_thread_blocked, id=9472, stack(0x0000005f01a00000,0x0000005f01b00000) (1024K)]
  0x000001a7754379b0 JavaThread "Cleaner-0"                  daemon [_thread_blocked, id=1280, stack(0x0000005f01b00000,0x0000005f01c00000) (1024K)]
Total: 12

Other Threads:
  0x000001a71927a410 VMThread "VM Thread"                           [id=5816, stack(0x0000005f01000000,0x0000005f01100000) (1024K)]
  0x000001a77511b200 WatcherThread "VM Periodic Task Thread"        [id=1636, stack(0x0000005f00f00000,0x0000005f01000000) (1024K)]
  0x000001a7191f52e0 WorkerThread "GC Thread#0"                     [id=15320, stack(0x0000005f00a00000,0x0000005f00b00000) (1024K)]
  0x000001a77579bfd0 WorkerThread "GC Thread#1"                     [id=14652, stack(0x0000005f01c00000,0x0000005f01d00000) (1024K)]
  0x000001a775c9dac0 WorkerThread "GC Thread#2"                     [id=16032, stack(0x0000005f01d00000,0x0000005f01e00000) (1024K)]
  0x000001a775c9f6f0 WorkerThread "GC Thread#3"                     [id=6852, stack(0x0000005f01e00000,0x0000005f01f00000) (1024K)]
  0x000001a7191ffe30 ConcurrentGCThread "G1 Main Marker"            [id=12676, stack(0x0000005f00b00000,0x0000005f00c00000) (1024K)]
  0x000001a719200940 WorkerThread "G1 Conc#0"                       [id=12120, stack(0x0000005f00c00000,0x0000005f00d00000) (1024K)]
  0x000001a719257410 ConcurrentGCThread "G1 Refine#0"               [id=11484, stack(0x0000005f00d00000,0x0000005f00e00000) (1024K)]
  0x000001a7192593a0 ConcurrentGCThread "G1 Service"                [id=9856, stack(0x0000005f00e00000,0x0000005f00f00000) (1024K)]
Total: 10

Threads with active compile tasks:
C2 CompilerThread0  3389 1352   !   4       jdk.internal.loader.URLClassPath$Loader::getResource (95 bytes)
Total: 1

VM state: not at safepoint (normal execution)

VM Mutex/Monitor currently owned by a thread: None

Heap address: 0x00000000c2000000, size: 992 MB, Compressed Oops mode: 32-bit

CDS archive(s) mapped at: [0x000001a734000000-0x000001a734d70000-0x000001a734d70000), size 14090240, SharedBaseAddress: 0x000001a734000000, ArchiveRelocationMode: 1.
Compressed class space mapped at: 0x000001a735000000-0x000001a775000000, reserved size: 1073741824
Narrow klass base: 0x000001a734000000, Narrow klass shift: 0, Narrow klass range: 0x41000000

GC Precious Log:
 CardTable entry size: 512
 Card Set container configuration: InlinePtr #cards 5 size 8 Array Of Cards #cards 10 size 36 Howl #buckets 4 coarsen threshold 1843 Howl Bitmap #cards 512 size 80 coarsen threshold 460 Card regions per heap region 1 cards per card region 2048
 CPUs: 4 total, 4 available
 Memory: 3962M
 Large Page Support: Disabled
 NUMA Support: Disabled
 Compressed Oops: Enabled (32-bit)
 Heap Region Size: 1M
 Heap Min Capacity: 8M
 Heap Initial Capacity: 62M
 Heap Max Capacity: 992M
 Pre-touch: Disabled
 Parallel Workers: 4
 Concurrent Workers: 1
 Concurrent Refinement Workers: 4
 Periodic GC: Disabled

Heap:
 garbage-first heap   total reserved 1015808K, committed 63488K, used 6945K [0x00000000c2000000, 0x0000000100000000)
  region size 1024K, 6 young (6144K), 1 survivors (1024K)
 Metaspace       used 5039K, committed 5312K, reserved 1114112K
  class space    used 585K, committed 704K, reserved 1048576K

Heap Regions: E=young(eden), S=young(survivor), O=old, HS=humongous(starts), HC=humongous(continues), CS=collection set, F=free, TAMS=top-at-mark-start, PB=parsable bottom
|   0|0x00000000c2000000, 0x00000000c2100000, 0x00000000c2100000|100%| O|  |TAMS 0x00000000c2000000| PB 0x00000000c2000000| Untracked |  0
|   1|0x00000000c2100000, 0x00000000c21e0ff0, 0x00000000c2200000| 87%| O|  |TAMS 0x00000000c2100000| PB 0x00000000c2100000| Untracked |  0
|   2|0x00000000c2200000, 0x00000000c2200000, 0x00000000c2300000|  0%| F|  |TAMS 0x00000000c2200000| PB 0x00000000c2200000| Untracked |  0
|   3|0x00000000c2300000, 0x00000000c2300000, 0x00000000c2400000|  0%| F|  |TAMS 0x00000000c2300000| PB 0x00000000c2300000| Untracked |  0
|   4|0x00000000c2400000, 0x00000000c2400000, 0x00000000c2500000|  0%| F|  |TAMS 0x00000000c2400000| PB 0x00000000c2400000| Untracked |  0
|   5|0x00000000c2500000, 0x00000000c2500000, 0x00000000c2600000|  0%| F|  |TAMS 0x00000000c2500000| PB 0x00000000c2500000| Untracked |  0
|   6|0x00000000c2600000, 0x00000000c2600000, 0x00000000c2700000|  0%| F|  |TAMS 0x00000000c2600000| PB 0x00000000c2600000| Untracked |  0
|   7|0x00000000c2700000, 0x00000000c2700000, 0x00000000c2800000|  0%| F|  |TAMS 0x00000000c2700000| PB 0x00000000c2700000| Untracked |  0
|   8|0x00000000c2800000, 0x00000000c2800000, 0x00000000c2900000|  0%| F|  |TAMS 0x00000000c2800000| PB 0x00000000c2800000| Untracked |  0
|   9|0x00000000c2900000, 0x00000000c2900000, 0x00000000c2a00000|  0%| F|  |TAMS 0x00000000c2900000| PB 0x00000000c2900000| Untracked |  0
|  10|0x00000000c2a00000, 0x00000000c2a00000, 0x00000000c2b00000|  0%| F|  |TAMS 0x00000000c2a00000| PB 0x00000000c2a00000| Untracked |  0
|  11|0x00000000c2b00000, 0x00000000c2b00000, 0x00000000c2c00000|  0%| F|  |TAMS 0x00000000c2b00000| PB 0x00000000c2b00000| Untracked |  0
|  12|0x00000000c2c00000, 0x00000000c2c00000, 0x00000000c2d00000|  0%| F|  |TAMS 0x00000000c2c00000| PB 0x00000000c2c00000| Untracked |  0
|  13|0x00000000c2d00000, 0x00000000c2d00000, 0x00000000c2e00000|  0%| F|  |TAMS 0x00000000c2d00000| PB 0x00000000c2d00000| Untracked |  0
|  14|0x00000000c2e00000, 0x00000000c2e00000, 0x00000000c2f00000|  0%| F|  |TAMS 0x00000000c2e00000| PB 0x00000000c2e00000| Untracked |  0
|  15|0x00000000c2f00000, 0x00000000c2f00000, 0x00000000c3000000|  0%| F|  |TAMS 0x00000000c2f00000| PB 0x00000000c2f00000| Untracked |  0
|  16|0x00000000c3000000, 0x00000000c3000000, 0x00000000c3100000|  0%| F|  |TAMS 0x00000000c3000000| PB 0x00000000c3000000| Untracked |  0
|  17|0x00000000c3100000, 0x00000000c3100000, 0x00000000c3200000|  0%| F|  |TAMS 0x00000000c3100000| PB 0x00000000c3100000| Untracked |  0
|  18|0x00000000c3200000, 0x00000000c3200000, 0x00000000c3300000|  0%| F|  |TAMS 0x00000000c3200000| PB 0x00000000c3200000| Untracked |  0
|  19|0x00000000c3300000, 0x00000000c3300000, 0x00000000c3400000|  0%| F|  |TAMS 0x00000000c3300000| PB 0x00000000c3300000| Untracked |  0
|  20|0x00000000c3400000, 0x00000000c3400000, 0x00000000c3500000|  0%| F|  |TAMS 0x00000000c3400000| PB 0x00000000c3400000| Untracked |  0
|  21|0x00000000c3500000, 0x00000000c3500000, 0x00000000c3600000|  0%| F|  |TAMS 0x00000000c3500000| PB 0x00000000c3500000| Untracked |  0
|  22|0x00000000c3600000, 0x00000000c3600000, 0x00000000c3700000|  0%| F|  |TAMS 0x00000000c3600000| PB 0x00000000c3600000| Untracked |  0
|  23|0x00000000c3700000, 0x00000000c3700000, 0x00000000c3800000|  0%| F|  |TAMS 0x00000000c3700000| PB 0x00000000c3700000| Untracked |  0
|  24|0x00000000c3800000, 0x00000000c3800000, 0x00000000c3900000|  0%| F|  |TAMS 0x00000000c3800000| PB 0x00000000c3800000| Untracked |  0
|  25|0x00000000c3900000, 0x00000000c3900000, 0x00000000c3a00000|  0%| F|  |TAMS 0x00000000c3900000| PB 0x00000000c3900000| Untracked |  0
|  26|0x00000000c3a00000, 0x00000000c3a00000, 0x00000000c3b00000|  0%| F|  |TAMS 0x00000000c3a00000| PB 0x00000000c3a00000| Untracked |  0
|  27|0x00000000c3b00000, 0x00000000c3b00000, 0x00000000c3c00000|  0%| F|  |TAMS 0x00000000c3b00000| PB 0x00000000c3b00000| Untracked |  0
|  28|0x00000000c3c00000, 0x00000000c3c00000, 0x00000000c3d00000|  0%| F|  |TAMS 0x00000000c3c00000| PB 0x00000000c3c00000| Untracked |  0
|  29|0x00000000c3d00000, 0x00000000c3d00000, 0x00000000c3e00000|  0%| F|  |TAMS 0x00000000c3d00000| PB 0x00000000c3d00000| Untracked |  0
|  30|0x00000000c3e00000, 0x00000000c3e00000, 0x00000000c3f00000|  0%| F|  |TAMS 0x00000000c3e00000| PB 0x00000000c3e00000| Untracked |  0
|  31|0x00000000c3f00000, 0x00000000c3f00000, 0x00000000c4000000|  0%| F|  |TAMS 0x00000000c3f00000| PB 0x00000000c3f00000| Untracked |  0
|  32|0x00000000c4000000, 0x00000000c4000000, 0x00000000c4100000|  0%| F|  |TAMS 0x00000000c4000000| PB 0x00000000c4000000| Untracked |  0
|  33|0x00000000c4100000, 0x00000000c4100000, 0x00000000c4200000|  0%| F|  |TAMS 0x00000000c4100000| PB 0x00000000c4100000| Untracked |  0
|  34|0x00000000c4200000, 0x00000000c4200000, 0x00000000c4300000|  0%| F|  |TAMS 0x00000000c4200000| PB 0x00000000c4200000| Untracked |  0
|  35|0x00000000c4300000, 0x00000000c4300000, 0x00000000c4400000|  0%| F|  |TAMS 0x00000000c4300000| PB 0x00000000c4300000| Untracked |  0
|  36|0x00000000c4400000, 0x00000000c4400000, 0x00000000c4500000|  0%| F|  |TAMS 0x00000000c4400000| PB 0x00000000c4400000| Untracked |  0
|  37|0x00000000c4500000, 0x00000000c4500000, 0x00000000c4600000|  0%| F|  |TAMS 0x00000000c4500000| PB 0x00000000c4500000| Untracked |  0
|  38|0x00000000c4600000, 0x00000000c4600000, 0x00000000c4700000|  0%| F|  |TAMS 0x00000000c4600000| PB 0x00000000c4600000| Untracked |  0
|  39|0x00000000c4700000, 0x00000000c4700000, 0x00000000c4800000|  0%| F|  |TAMS 0x00000000c4700000| PB 0x00000000c4700000| Untracked |  0
|  40|0x00000000c4800000, 0x00000000c4800000, 0x00000000c4900000|  0%| F|  |TAMS 0x00000000c4800000| PB 0x00000000c4800000| Untracked |  0
|  41|0x00000000c4900000, 0x00000000c4900000, 0x00000000c4a00000|  0%| F|  |TAMS 0x00000000c4900000| PB 0x00000000c4900000| Untracked |  0
|  42|0x00000000c4a00000, 0x00000000c4a00000, 0x00000000c4b00000|  0%| F|  |TAMS 0x00000000c4a00000| PB 0x00000000c4a00000| Untracked |  0
|  43|0x00000000c4b00000, 0x00000000c4b00000, 0x00000000c4c00000|  0%| F|  |TAMS 0x00000000c4b00000| PB 0x00000000c4b00000| Untracked |  0
|  44|0x00000000c4c00000, 0x00000000c4c00000, 0x00000000c4d00000|  0%| F|  |TAMS 0x00000000c4c00000| PB 0x00000000c4c00000| Untracked |  0
|  45|0x00000000c4d00000, 0x00000000c4d00000, 0x00000000c4e00000|  0%| F|  |TAMS 0x00000000c4d00000| PB 0x00000000c4d00000| Untracked |  0
|  46|0x00000000c4e00000, 0x00000000c4e00000, 0x00000000c4f00000|  0%| F|  |TAMS 0x00000000c4e00000| PB 0x00000000c4e00000| Untracked |  0
|  47|0x00000000c4f00000, 0x00000000c4f00000, 0x00000000c5000000|  0%| F|  |TAMS 0x00000000c4f00000| PB 0x00000000c4f00000| Untracked |  0
|  48|0x00000000c5000000, 0x00000000c50e75e0, 0x00000000c5100000| 90%| S|CS|TAMS 0x00000000c5000000| PB 0x00000000c5000000| Complete |  0
|  49|0x00000000c5100000, 0x00000000c5100000, 0x00000000c5200000|  0%| F|  |TAMS 0x00000000c5100000| PB 0x00000000c5100000| Untracked |  0
|  50|0x00000000c5200000, 0x00000000c5200000, 0x00000000c5300000|  0%| F|  |TAMS 0x00000000c5200000| PB 0x00000000c5200000| Untracked |  0
|  51|0x00000000c5300000, 0x00000000c5300000, 0x00000000c5400000|  0%| F|  |TAMS 0x00000000c5300000| PB 0x00000000c5300000| Untracked |  0
|  52|0x00000000c5400000, 0x00000000c5400000, 0x00000000c5500000|  0%| F|  |TAMS 0x00000000c5400000| PB 0x00000000c5400000| Untracked |  0
|  53|0x00000000c5500000, 0x00000000c5500000, 0x00000000c5600000|  0%| F|  |TAMS 0x00000000c5500000| PB 0x00000000c5500000| Untracked |  0
|  54|0x00000000c5600000, 0x00000000c5600000, 0x00000000c5700000|  0%| F|  |TAMS 0x00000000c5600000| PB 0x00000000c5600000| Untracked |  0
|  55|0x00000000c5700000, 0x00000000c5700000, 0x00000000c5800000|  0%| F|  |TAMS 0x00000000c5700000| PB 0x00000000c5700000| Untracked |  0
|  56|0x00000000c5800000, 0x00000000c5800000, 0x00000000c5900000|  0%| F|  |TAMS 0x00000000c5800000| PB 0x00000000c5800000| Untracked |  0
|  57|0x00000000c5900000, 0x00000000c5989de8, 0x00000000c5a00000| 53%| E|  |TAMS 0x00000000c5900000| PB 0x00000000c5900000| Complete |  0
|  58|0x00000000c5a00000, 0x00000000c5b00000, 0x00000000c5b00000|100%| E|CS|TAMS 0x00000000c5a00000| PB 0x00000000c5a00000| Complete |  0
|  59|0x00000000c5b00000, 0x00000000c5c00000, 0x00000000c5c00000|100%| E|CS|TAMS 0x00000000c5b00000| PB 0x00000000c5b00000| Complete |  0
|  60|0x00000000c5c00000, 0x00000000c5d00000, 0x00000000c5d00000|100%| E|CS|TAMS 0x00000000c5c00000| PB 0x00000000c5c00000| Complete |  0
|  61|0x00000000c5d00000, 0x00000000c5e00000, 0x00000000c5e00000|100%| E|CS|TAMS 0x00000000c5d00000| PB 0x00000000c5d00000| Complete |  0

Card table byte_map: [0x000001a730b00000,0x000001a730cf0000] _byte_map_base: 0x000001a7304f0000

Marking Bits: (CMBitMap*) 0x000001a7191f59f0
 Bits: [0x000001a730cf0000, 0x000001a731c70000)

Polling page: 0x000001a717010000

Metaspace:

Usage:
  Non-class:      4.35 MB used.
      Class:    586.41 KB used.
       Both:      4.93 MB used.

Virtual space:
  Non-class space:       64.00 MB reserved,       4.50 MB (  7%) committed,  1 nodes.
      Class space:        1.00 GB reserved,     768.00 KB ( <1%) committed,  1 nodes.
             Both:        1.06 GB reserved,       5.25 MB ( <1%) committed. 

Chunk freelists:
   Non-Class:  9.94 MB
       Class:  15.11 MB
        Both:  25.05 MB

MaxMetaspaceSize: unlimited
CompressedClassSpaceSize: 1.00 GB
Initial GC threshold: 21.00 MB
Current GC threshold: 21.00 MB
CDS: on
 - commit_granule_bytes: 65536.
 - commit_granule_words: 8192.
 - virtual_space_node_default_size: 8388608.
 - enlarge_chunks_in_place: 1.
 - use_allocation_guard: 0.


Internal statistics:

num_allocs_failed_limit: 0.
num_arena_births: 214.
num_arena_deaths: 0.
num_vsnodes_births: 2.
num_vsnodes_deaths: 0.
num_space_committed: 84.
num_space_uncommitted: 0.
num_chunks_returned_to_freelist: 0.
num_chunks_taken_from_freelist: 362.
num_chunk_merges: 0.
num_chunk_splits: 218.
num_chunks_enlarged: 128.
num_inconsistent_stats: 0.

CodeHeap 'non-profiled nmethods': size=120064Kb used=579Kb max_used=579Kb free=119484Kb
 bounds [0x000001a7293d0000, 0x000001a729640000, 0x000001a730910000]
CodeHeap 'profiled nmethods': size=120000Kb used=1885Kb max_used=1885Kb free=118114Kb
 bounds [0x000001a721910000, 0x000001a721b80000, 0x000001a728e40000]
CodeHeap 'non-nmethods': size=5696Kb used=1373Kb max_used=1404Kb free=4322Kb
 bounds [0x000001a728e40000, 0x000001a7290b0000, 0x000001a7293d0000]
CodeCache: size=245760Kb, used=3837Kb, max_used=3868Kb, free=241920Kb
 total_blobs=1986, nmethods=1502, adapters=390, full_count=0
Compilation: enabled, stopped_count=0, restarted_count=0

Compilation events (20 events):
Event: 3.173 Thread 0x000001a775159710 1436       1       java.lang.reflect.Method::getName (5 bytes)
Event: 3.173 Thread 0x000001a775159710 nmethod 1436 0x000001a72945de88 code [0x000001a72945dfa0, 0x000001a72945e068]
Event: 3.191 Thread 0x000001a775159710 1438       1       java.lang.classfile.Opcode::sizeIfFixed (5 bytes)
Event: 3.191 Thread 0x000001a775159710 nmethod 1438 0x000001a72945e508 code [0x000001a72945e620, 0x000001a72945e6e8]
Event: 3.194 Thread 0x000001a775159710 1439       3       jdk.internal.classfile.impl.SplitConstantPool::map (162 bytes)
Event: 3.195 Thread 0x000001a775159710 nmethod 1439 0x000001a721acf988 code [0x000001a721acfbc0, 0x000001a721ad08a8]
Event: 3.195 Thread 0x000001a775159710 1440       1       java.lang.classfile.Opcode::bytecode (5 bytes)
Event: 3.195 Thread 0x000001a775159710 nmethod 1440 0x000001a72945e808 code [0x000001a72945e920, 0x000001a72945e9e8]
Event: 3.196 Thread 0x000001a775159710 1441   !   3       java.lang.invoke.MethodHandle::setVarargs (50 bytes)
Event: 3.197 Thread 0x000001a775159710 nmethod 1441 0x000001a721ad0908 code [0x000001a721ad0b40, 0x000001a721ad1748]
Event: 3.197 Thread 0x000001a775159710 1442       3       java.lang.invoke.MemberName::isVarargs (23 bytes)
Event: 3.197 Thread 0x000001a775159710 nmethod 1442 0x000001a721ad1808 code [0x000001a721ad1940, 0x000001a721ad1c88]
Event: 3.201 Thread 0x000001a775159710 1443       1       java.lang.classfile.Opcode::kind (5 bytes)
Event: 3.201 Thread 0x000001a775159710 nmethod 1443 0x000001a72945eb08 code [0x000001a72945ec20, 0x000001a72945ece8]
Event: 3.203 Thread 0x000001a775159710 1444       3       jdk.internal.classfile.impl.AbstractElement::<init> (5 bytes)
Event: 3.203 Thread 0x000001a775159710 nmethod 1444 0x000001a721ad1d08 code [0x000001a721ad1e20, 0x000001a721ad1f88]
Event: 3.204 Thread 0x000001a775159710 1445       3       jdk.internal.classfile.impl.DirectCodeBuilder::with (9 bytes)
Event: 3.204 Thread 0x000001a775159710 nmethod 1445 0x000001a721ad2008 code [0x000001a721ad2180, 0x000001a721ad2988]
Event: 3.204 Thread 0x000001a775159710 1446       3       jdk.internal.classfile.impl.DirectCodeBuilder::with (30 bytes)
Event: 3.205 Thread 0x000001a775159710 nmethod 1446 0x000001a721ad2a08 code [0x000001a721ad2b80, 0x000001a721ad3238]

GC Heap History (4 events):
Event: 1.347 GC heap before
{Heap before GC invocations=0 (full 0):
 garbage-first heap   total reserved 1015808K, committed 63488K, used 14336K [0x00000000c2000000, 0x0000000100000000)
  region size 1024K, 14 young (14336K), 0 survivors (0K)
 Metaspace       used 1912K, committed 2176K, reserved 1114112K
  class space    used 189K, committed 320K, reserved 1048576K
}
Event: 1.368 GC heap after
{Heap after GC invocations=1 (full 0):
 garbage-first heap   total reserved 1015808K, committed 63488K, used 2048K [0x00000000c2000000, 0x0000000100000000)
  region size 1024K, 2 young (2048K), 2 survivors (2048K)
 Metaspace       used 1912K, committed 2176K, reserved 1114112K
  class space    used 189K, committed 320K, reserved 1048576K
}
Event: 3.023 GC heap before
{Heap before GC invocations=1 (full 0):
 garbage-first heap   total reserved 1015808K, committed 63488K, used 15360K [0x00000000c2000000, 0x0000000100000000)
  region size 1024K, 15 young (15360K), 2 survivors (2048K)
 Metaspace       used 4044K, committed 4352K, reserved 1114112K
  class space    used 433K, committed 576K, reserved 1048576K
}
Event: 3.029 GC heap after
{Heap after GC invocations=2 (full 0):
 garbage-first heap   total reserved 1015808K, committed 63488K, used 2849K [0x00000000c2000000, 0x0000000100000000)
  region size 1024K, 1 young (1024K), 1 survivors (1024K)
 Metaspace       used 4044K, committed 4352K, reserved 1114112K
  class space    used 433K, committed 576K, reserved 1048576K
}

Dll operation events (7 events):
Event: 0.027 Loaded shared library C:\Program Files\Java\jdk-23\bin\java.dll
Event: 0.232 Loaded shared library C:\Program Files\Java\jdk-23\bin\jsvml.dll
Event: 0.266 Loaded shared library C:\Program Files\Java\jdk-23\bin\net.dll
Event: 0.277 Loaded shared library C:\Program Files\Java\jdk-23\bin\nio.dll
Event: 0.284 Loaded shared library C:\Program Files\Java\jdk-23\bin\zip.dll
Event: 0.494 Loaded shared library C:\Program Files\Java\jdk-23\bin\jimage.dll
Event: 1.437 Loaded shared library C:\Program Files\Java\jdk-23\bin\verify.dll

Deoptimization events (20 events):
Event: 2.949 Thread 0x000001a716f29a10 Uncommon trap: trap_request=0xffffffde fr.pc=0x000001a729454334 relative=0x0000000000000114
Event: 2.949 Thread 0x000001a716f29a10 Uncommon trap: reason=class_check action=maybe_recompile pc=0x000001a729454334 method=jdk.internal.misc.Unsafe.allocateUninitializedArray(Ljava/lang/Class;I)Ljava/lang/Object; @ 51 c2
Event: 2.949 Thread 0x000001a716f29a10 DEOPT PACKING pc=0x000001a729454334 sp=0x0000005f009f8bb0
Event: 2.949 Thread 0x000001a716f29a10 DEOPT UNPACKING pc=0x000001a728e94402 sp=0x0000005f009f8b28 mode 2
Event: 2.949 Thread 0x000001a716f29a10 Uncommon trap: trap_request=0xffffffde fr.pc=0x000001a729454334 relative=0x0000000000000114
Event: 2.949 Thread 0x000001a716f29a10 Uncommon trap: reason=class_check action=maybe_recompile pc=0x000001a729454334 method=jdk.internal.misc.Unsafe.allocateUninitializedArray(Ljava/lang/Class;I)Ljava/lang/Object; @ 51 c2
Event: 2.949 Thread 0x000001a716f29a10 DEOPT PACKING pc=0x000001a729454334 sp=0x0000005f009f8b30
Event: 2.949 Thread 0x000001a716f29a10 DEOPT UNPACKING pc=0x000001a728e94402 sp=0x0000005f009f8aa8 mode 2
Event: 2.949 Thread 0x000001a716f29a10 Uncommon trap: trap_request=0xffffffde fr.pc=0x000001a729454334 relative=0x0000000000000114
Event: 2.949 Thread 0x000001a716f29a10 Uncommon trap: reason=class_check action=maybe_recompile pc=0x000001a729454334 method=jdk.internal.misc.Unsafe.allocateUninitializedArray(Ljava/lang/Class;I)Ljava/lang/Object; @ 51 c2
Event: 2.949 Thread 0x000001a716f29a10 DEOPT PACKING pc=0x000001a729454334 sp=0x0000005f009f8760
Event: 2.949 Thread 0x000001a716f29a10 DEOPT UNPACKING pc=0x000001a728e94402 sp=0x0000005f009f86d8 mode 2
Event: 3.029 Thread 0x000001a7751227a0 Uncommon trap: trap_request=0xffffff45 fr.pc=0x000001a7294303e0 relative=0x0000000000000160
Event: 3.029 Thread 0x000001a7751227a0 Uncommon trap: reason=unstable_if action=reinterpret pc=0x000001a7294303e0 method=java.util.concurrent.locks.ReentrantLock$NonfairSync.initialTryLock()Z @ 10 c2
Event: 3.029 Thread 0x000001a7751227a0 DEOPT PACKING pc=0x000001a7294303e0 sp=0x0000005f011ff4c0
Event: 3.029 Thread 0x000001a7751227a0 DEOPT UNPACKING pc=0x000001a728e94402 sp=0x0000005f011ff468 mode 2
Event: 3.064 Thread 0x000001a716f29a10 Uncommon trap: trap_request=0xffffff45 fr.pc=0x000001a7293f8f1c relative=0x000000000000009c
Event: 3.064 Thread 0x000001a716f29a10 Uncommon trap: reason=unstable_if action=reinterpret pc=0x000001a7293f8f1c method=jdk.internal.misc.Unsafe.convEndian(ZS)S @ 4 c2
Event: 3.064 Thread 0x000001a716f29a10 DEOPT PACKING pc=0x000001a7293f8f1c sp=0x0000005f009fdc50
Event: 3.064 Thread 0x000001a716f29a10 DEOPT UNPACKING pc=0x000001a728e94402 sp=0x0000005f009fda40 mode 2

Classes loaded (20 events):
Event: 3.193 Loading class jdk/internal/classfile/impl/AbstractInstruction$UnboundArrayStoreInstruction
Event: 3.193 Loading class jdk/internal/classfile/impl/AbstractInstruction$UnboundArrayStoreInstruction done
Event: 3.196 Loading class jdk/internal/classfile/impl/AbstractInstruction$UnboundLoadConstantInstruction
Event: 3.197 Loading class java/lang/classfile/instruction/ConstantInstruction$LoadConstantInstruction
Event: 3.198 Loading class java/lang/classfile/instruction/ConstantInstruction$LoadConstantInstruction done
Event: 3.198 Loading class jdk/internal/classfile/impl/AbstractInstruction$UnboundLoadConstantInstruction done
Event: 3.198 Loading class java/lang/classfile/constantpool/LongEntry
Event: 3.199 Loading class java/lang/classfile/constantpool/ConstantValueEntry
Event: 3.200 Loading class java/lang/classfile/constantpool/ConstantValueEntry done
Event: 3.200 Loading class java/lang/classfile/constantpool/LongEntry done
Event: 3.200 Loading class java/lang/classfile/constantpool/DoubleEntry
Event: 3.201 Loading class java/lang/classfile/constantpool/DoubleEntry done
Event: 3.201 Loading class java/lang/classfile/instruction/StoreInstruction
Event: 3.201 Loading class java/lang/classfile/instruction/StoreInstruction done
Event: 3.201 Loading class jdk/internal/classfile/impl/AbstractInstruction$UnboundStoreInstruction
Event: 3.201 Loading class jdk/internal/classfile/impl/AbstractInstruction$UnboundStoreInstruction done
Event: 3.201 Loading class jdk/internal/classfile/impl/AbstractPoolEntry$StringEntryImpl
Event: 3.203 Loading class java/lang/classfile/constantpool/StringEntry
Event: 3.203 Loading class java/lang/classfile/constantpool/StringEntry done
Event: 3.203 Loading class jdk/internal/classfile/impl/AbstractPoolEntry$StringEntryImpl done

Classes unloaded (0 events):
No events

Classes redefined (0 events):
No events

Internal exceptions (20 events):
Event: 0.601 Thread 0x000001a716f29a10 Exception <a 'java/lang/NoSuchMethodError'{0x00000000c5a4c878}: 'int java.lang.invoke.DirectMethodHandle$Holder.invokeStaticInit(java.lang.Object, int, int)'> (0x00000000c5a4c878) 
thrown [s\open\src\hotspot\share\interpreter\linkResolver.cpp, line 796]
Event: 0.619 Thread 0x000001a716f29a10 Exception <a 'java/lang/NoSuchMethodError'{0x00000000c5a53e98}: 'int java.lang.invoke.DirectMethodHandle$Holder.invokeStaticInit(java.lang.Object, long, long)'> (0x00000000c5a53e98) 
thrown [s\open\src\hotspot\share\interpreter\linkResolver.cpp, line 796]
Event: 0.621 Thread 0x000001a716f29a10 Exception <a 'java/lang/NoSuchMethodError'{0x00000000c5a5a940}: 'int java.lang.invoke.DirectMethodHandle$Holder.invokeStaticInit(java.lang.Object, float, float)'> (0x00000000c5a5a940) 
thrown [s\open\src\hotspot\share\interpreter\linkResolver.cpp, line 796]
Event: 0.625 Thread 0x000001a716f29a10 Exception <a 'java/lang/NoSuchMethodError'{0x00000000c5a613e0}: 'int java.lang.invoke.DirectMethodHandle$Holder.invokeStaticInit(java.lang.Object, double, double)'> (0x00000000c5a613e0) 
thrown [s\open\src\hotspot\share\interpreter\linkResolver.cpp, line 796]
Event: 0.629 Thread 0x000001a716f29a10 Exception <a 'java/lang/NoSuchMethodError'{0x00000000c5a66018}: 'int java.lang.invoke.DirectMethodHandle$Holder.invokeStatic(java.lang.Object, long)'> (0x00000000c5a66018) 
thrown [s\open\src\hotspot\share\interpreter\linkResolver.cpp, line 796]
Event: 0.645 Thread 0x000001a716f29a10 Exception <a 'java/lang/NoSuchMethodError'{0x00000000c5a88948}: 'int java.lang.invoke.Invokers$Holder.linkToTargetMethod(java.lang.Object, java.lang.Object)'> (0x00000000c5a88948) 
thrown [s\open\src\hotspot\share\interpreter\linkResolver.cpp, line 796]
Event: 0.738 Thread 0x000001a716f29a10 Exception <a 'java/lang/NoSuchMethodError'{0x00000000c590b7b8}: 'java.lang.Object java.lang.invoke.DirectMethodHandle$Holder.invokeSpecial(java.lang.Object, java.lang.Object, int, java.lang.Object, java.lang.Object)'> (0x00000000c590b7b8) 
thrown [s\open\src\hotspot\share\interpreter\linkResolver.cpp, line 796]
Event: 0.738 Thread 0x000001a716f29a10 Exception <a 'java/lang/NoSuchMethodError'{0x00000000c590f150}: 'java.lang.Object java.lang.invoke.DelegatingMethodHandle$Holder.delegate(java.lang.Object, int, java.lang.Object, java.lang.Object)'> (0x00000000c590f150) 
thrown [s\open\src\hotspot\share\interpreter\linkResolver.cpp, line 796]
Event: 0.762 Thread 0x000001a716f29a10 Exception <a 'java/lang/NoSuchMethodError'{0x00000000c5921f90}: 'int java.lang.invoke.Invokers$Holder.linkToTargetMethod(java.lang.Object, java.lang.Object, java.lang.Object)'> (0x00000000c5921f90) 
thrown [s\open\src\hotspot\share\interpreter\linkResolver.cpp, line 796]
Event: 0.777 Thread 0x000001a716f29a10 Exception <a 'java/lang/NoSuchMethodError'{0x00000000c5945cf0}: 'void java.lang.invoke.DirectMethodHandle$Holder.invokeSpecial(java.lang.Object, java.lang.Object, java.lang.Object, java.lang.Object, java.lang.Object)'> (0x00000000c5945cf0) 
thrown [s\open\src\hotspot\share\interpreter\linkResolver.cpp, line 796]
Event: 0.842 Thread 0x000001a716f29a10 Exception <a 'java/lang/NoSuchMethodError'{0x00000000c59a4da0}: 'java.lang.Object java.lang.invoke.DirectMethodHandle$Holder.invokeStaticInit(java.lang.Object, int)'> (0x00000000c59a4da0) 
thrown [s\open\src\hotspot\share\interpreter\linkResolver.cpp, line 796]
Event: 1.138 Thread 0x000001a716f29a10 Exception <a 'java/lang/NoSuchMethodError'{0x00000000c53b7860}: 'void java.lang.invoke.DirectMethodHandle$Holder.invokeStatic(java.lang.Object, java.lang.Object)'> (0x00000000c53b7860) 
thrown [s\open\src\hotspot\share\interpreter\linkResolver.cpp, line 796]
Event: 2.063 Thread 0x000001a716f29a10 Exception <a 'java/lang/NoSuchMethodError'{0x00000000c5bbea40}: 'void java.lang.invoke.DirectMethodHandle$Holder.invokeVirtual(java.lang.Object, java.lang.Object)'> (0x00000000c5bbea40) 
thrown [s\open\src\hotspot\share\interpreter\linkResolver.cpp, line 796]
Event: 2.241 Thread 0x000001a716f29a10 Exception <a 'java/lang/ClassNotFoundException'{0x00000000c5970a80}: javax/smartcardio/CardPermission> (0x00000000c5970a80) 
thrown [s\open\src\hotspot\share\classfile\systemDictionary.cpp, line 313]
Event: 2.248 Thread 0x000001a716f29a10 Exception <a 'java/io/FileNotFoundException'{0x00000000c597ede0}> (0x00000000c597ede0) 
thrown [s\open\src\hotspot\share\prims\jni.cpp, line 520]
Event: 2.321 Thread 0x000001a716f29a10 Exception <a 'java/lang/NoSuchMethodError'{0x00000000c584b9e8}: 'java.lang.Object java.lang.invoke.DirectMethodHandle$Holder.invokeSpecial(java.lang.Object, java.lang.Object, java.lang.Object, long, java.lang.Object)'> (0x00000000c584b9e8) 
thrown [s\open\src\hotspot\share\interpreter\linkResolver.cpp, line 796]
Event: 2.323 Thread 0x000001a716f29a10 Exception <a 'java/lang/NoSuchMethodError'{0x00000000c584f360}: 'java.lang.Object java.lang.invoke.Invokers$Holder.linkToTargetMethod(java.lang.Object, long, java.lang.Object, java.lang.Object)'> (0x00000000c584f360) 
thrown [s\open\src\hotspot\share\interpreter\linkResolver.cpp, line 796]
Event: 2.716 Thread 0x000001a716f29a10 Exception <a 'java/lang/NoSuchMethodError'{0x00000000c54ced48}: 'void java.lang.invoke.DirectMethodHandle$Holder.invokeStatic(java.lang.Object, java.lang.Object, java.lang.Object, java.lang.Object)'> (0x00000000c54ced48) 
thrown [s\open\src\hotspot\share\interpreter\linkResolver.cpp, line 796]
Event: 2.927 Thread 0x000001a716f29a10 Exception <a 'java/lang/NoSuchMethodError'{0x00000000c5134640}: 'void java.lang.invoke.DirectMethodHandle$Holder.invokeInterface(java.lang.Object, java.lang.Object, java.lang.Object, java.lang.Object)'> (0x00000000c5134640) 
thrown [s\open\src\hotspot\share\interpreter\linkResolver.cpp, line 796]
Event: 3.170 Thread 0x000001a716f29a10 Exception <a 'java/lang/NoSuchMethodError'{0x00000000c5cb6ec0}: 'void java.lang.invoke.DirectMethodHandle$Holder.invokeStatic(java.lang.Object, int, java.lang.Object)'> (0x00000000c5cb6ec0) 
thrown [s\open\src\hotspot\share\interpreter\linkResolver.cpp, line 796]

VM Operations (12 events):
Event: 0.286 Executing VM operation: HandshakeAllThreads (Deoptimize)
Event: 0.286 Executing VM operation: HandshakeAllThreads (Deoptimize) done
Event: 1.343 Executing VM operation: G1CollectForAllocation (G1 Evacuation Pause)
Event: 1.368 Executing VM operation: G1CollectForAllocation (G1 Evacuation Pause) done
Event: 1.459 Executing VM operation: HandshakeAllThreads (Deoptimize)
Event: 1.459 Executing VM operation: HandshakeAllThreads (Deoptimize) done
Event: 2.042 Executing VM operation: HandshakeAllThreads (Deoptimize)
Event: 2.042 Executing VM operation: HandshakeAllThreads (Deoptimize) done
Event: 3.023 Executing VM operation: G1CollectForAllocation (G1 Evacuation Pause)
Event: 3.029 Executing VM operation: G1CollectForAllocation (G1 Evacuation Pause) done
Event: 3.133 Executing VM operation: HandshakeAllThreads (Deoptimize)
Event: 3.133 Executing VM operation: HandshakeAllThreads (Deoptimize) done

Memory protections (0 events):
No events

Nmethod flushes (0 events):
No events

Events (12 events):
Event: 0.098 Thread 0x000001a716f29a10 Thread added: 0x000001a716f29a10
Event: 0.168 Thread 0x000001a716f29a10 Thread added: 0x000001a7751227a0
Event: 0.168 Thread 0x000001a716f29a10 Thread added: 0x000001a71928d530
Event: 0.169 Thread 0x000001a716f29a10 Thread added: 0x000001a71928e1f0
Event: 0.169 Thread 0x000001a716f29a10 Thread added: 0x000001a775127f40
Event: 0.169 Thread 0x000001a716f29a10 Thread added: 0x000001a7751289a0
Event: 0.169 Thread 0x000001a716f29a10 Thread added: 0x000001a775129400
Event: 0.169 Thread 0x000001a716f29a10 Thread added: 0x000001a775129e60
Event: 0.181 Thread 0x000001a716f29a10 Thread added: 0x000001a775159710
Event: 0.247 Thread 0x000001a716f29a10 Thread added: 0x000001a775236ca0
Event: 0.252 Thread 0x000001a716f29a10 Thread added: 0x000001a7751fda30
Event: 0.572 Thread 0x000001a716f29a10 Thread added: 0x000001a7754379b0


Dynamic libraries:
0x00007ff6ee640000 - 0x00007ff6ee650000 	C:\Program Files\Java\jdk-23\bin\java.exe
0x00007ffcc3e30000 - 0x00007ffcc4028000 	C:\WINDOWS\SYSTEM32\ntdll.dll
0x00007ffcc1e70000 - 0x00007ffcc1f32000 	C:\WINDOWS\System32\KERNEL32.DLL
0x00007ffcc1520000 - 0x00007ffcc181f000 	C:\WINDOWS\System32\KERNELBASE.dll
0x00007ffcc1a00000 - 0x00007ffcc1b00000 	C:\WINDOWS\System32\ucrtbase.dll
0x00007ffcbaeb0000 - 0x00007ffcbaecb000 	C:\Program Files\Java\jdk-23\bin\VCRUNTIME140.dll
0x00007ffcbcff0000 - 0x00007ffcbd007000 	C:\Program Files\Java\jdk-23\bin\jli.dll
0x00007ffcc1f50000 - 0x00007ffcc20ed000 	C:\WINDOWS\System32\USER32.dll
0x00007ffcc1d00000 - 0x00007ffcc1d22000 	C:\WINDOWS\System32\win32u.dll
0x00007ffcc28b0000 - 0x00007ffcc28db000 	C:\WINDOWS\System32\GDI32.dll
0x00007ffcc1d30000 - 0x00007ffcc1e4a000 	C:\WINDOWS\System32\gdi32full.dll
0x00007ffcc1960000 - 0x00007ffcc19fd000 	C:\WINDOWS\System32\msvcp_win.dll
0x00007ffcb3d90000 - 0x00007ffcb402a000 	C:\WINDOWS\WinSxS\amd64_microsoft.windows.common-controls_6595b64144ccf1df_6.0.19041.4355_none_60b8b9eb71f62e16\COMCTL32.dll
0x00007ffcc2cb0000 - 0x00007ffcc2d4e000 	C:\WINDOWS\System32\msvcrt.dll
0x00007ffcc2960000 - 0x00007ffcc298f000 	C:\WINDOWS\System32\IMM32.DLL
0x00007ffcbd0c0000 - 0x00007ffcbd0cc000 	C:\Program Files\Java\jdk-23\bin\vcruntime140_1.dll
0x00007ffca94f0000 - 0x00007ffca957e000 	C:\Program Files\Java\jdk-23\bin\msvcp140.dll
0x00007ffc79ab0000 - 0x00007ffc7a800000 	C:\Program Files\Java\jdk-23\bin\server\jvm.dll
0x00007ffcc2450000 - 0x00007ffcc24ff000 	C:\WINDOWS\System32\ADVAPI32.dll
0x00007ffcc2e80000 - 0x00007ffcc2f1f000 	C:\WINDOWS\System32\sechost.dll
0x00007ffcc2d50000 - 0x00007ffcc2e73000 	C:\WINDOWS\System32\RPCRT4.dll
0x00007ffcc1cd0000 - 0x00007ffcc1cf7000 	C:\WINDOWS\System32\bcrypt.dll
0x00007ffcc2840000 - 0x00007ffcc28ab000 	C:\WINDOWS\System32\WS2_32.dll
0x00007ffcc1330000 - 0x00007ffcc137b000 	C:\WINDOWS\SYSTEM32\POWRPROF.dll
0x00007ffcb1d70000 - 0x00007ffcb1d97000 	C:\WINDOWS\SYSTEM32\WINMM.dll
0x00007ffcbd1f0000 - 0x00007ffcbd1fa000 	C:\WINDOWS\SYSTEM32\VERSION.dll
0x00007ffcc1310000 - 0x00007ffcc1322000 	C:\WINDOWS\SYSTEM32\UMPDC.dll
0x00007ffcbfcf0000 - 0x00007ffcbfd02000 	C:\WINDOWS\SYSTEM32\kernel.appcore.dll
0x00007ffcbd060000 - 0x00007ffcbd06a000 	C:\Program Files\Java\jdk-23\bin\jimage.dll
0x00007ffcbf240000 - 0x00007ffcbf424000 	C:\WINDOWS\SYSTEM32\DBGHELP.DLL
0x00007ffcab0b0000 - 0x00007ffcab0e4000 	C:\WINDOWS\SYSTEM32\dbgcore.DLL
0x00007ffcc18d0000 - 0x00007ffcc1952000 	C:\WINDOWS\System32\bcryptPrimitives.dll
0x00007ffcbae70000 - 0x00007ffcbae8e000 	C:\Program Files\Java\jdk-23\bin\java.dll
0x00007ffcc3c60000 - 0x00007ffcc3d8b000 	C:\WINDOWS\System32\ole32.dll
0x00007ffcc20f0000 - 0x00007ffcc2445000 	C:\WINDOWS\System32\combase.dll
0x00007ffcc34f0000 - 0x00007ffcc3c5d000 	C:\WINDOWS\System32\SHELL32.dll
0x00007ffcbf430000 - 0x00007ffcbfbd4000 	C:\WINDOWS\SYSTEM32\windows.storage.dll
0x00007ffcc0e30000 - 0x00007ffcc0e5f000 	C:\WINDOWS\SYSTEM32\Wldp.dll
0x00007ffcc2770000 - 0x00007ffcc283d000 	C:\WINDOWS\System32\OLEAUT32.dll
0x00007ffcc2500000 - 0x00007ffcc25ad000 	C:\WINDOWS\System32\SHCORE.dll
0x00007ffcc2990000 - 0x00007ffcc29e5000 	C:\WINDOWS\System32\shlwapi.dll
0x00007ffcc1400000 - 0x00007ffcc1424000 	C:\WINDOWS\SYSTEM32\profapi.dll
0x00007ffc9f220000 - 0x00007ffc9f2f7000 	C:\Program Files\Java\jdk-23\bin\jsvml.dll
0x00007ffcbce80000 - 0x00007ffcbce90000 	C:\Program Files\Java\jdk-23\bin\net.dll
0x00007ffcc0b90000 - 0x00007ffcc0bfc000 	C:\WINDOWS\system32\mswsock.dll
0x00007ffcbae50000 - 0x00007ffcbae66000 	C:\Program Files\Java\jdk-23\bin\nio.dll
0x00007ffcbadd0000 - 0x00007ffcbade7000 	C:\Program Files\Java\jdk-23\bin\zip.dll
0x00007ffcbae40000 - 0x00007ffcbae50000 	C:\Program Files\Java\jdk-23\bin\verify.dll

dbghelp: loaded successfully - version: 4.0.5 - missing functions: none
symbol engine: initialized successfully - sym options: 0x614 - pdb path: .;C:\Program Files\Java\jdk-23\bin;C:\WINDOWS\SYSTEM32;C:\WINDOWS\WinSxS\amd64_microsoft.windows.common-controls_6595b64144ccf1df_6.0.19041.4355_none_60b8b9eb71f62e16;C:\Program Files\Java\jdk-23\bin\server

VM Arguments:
java_command: c:\Users\hi\.vscode\extensions\salesforce.salesforce-vscode-slds-2.0.12\lsp-2.0.12-executable.jar --PORT=63021
java_class_path (initial): c:\Users\hi\.vscode\extensions\salesforce.salesforce-vscode-slds-2.0.12\lsp-2.0.12-executable.jar
Launcher Type: SUN_STANDARD

[Global flags]
     intx CICompilerCount                          = 3                                         {product} {ergonomic}
     uint ConcGCThreads                            = 1                                         {product} {ergonomic}
     uint G1ConcRefinementThreads                  = 4                                         {product} {ergonomic}
   size_t G1HeapRegionSize                         = 1048576                                   {product} {ergonomic}
   size_t InitialHeapSize                          = 65011712                                  {product} {ergonomic}
   size_t MarkStackSize                            = 4194304                                   {product} {ergonomic}
   size_t MarkStackSizeMax                         = 536870912                                 {product} {ergonomic}
   size_t MaxHeapSize                              = 1040187392                                {product} {ergonomic}
   size_t MaxNewSize                               = 623902720                                 {product} {ergonomic}
   size_t MinHeapDeltaBytes                        = 1048576                                   {product} {ergonomic}
   size_t MinHeapSize                              = 8388608                                   {product} {ergonomic}
    uintx NonNMethodCodeHeapSize                   = 5832704                                {pd product} {ergonomic}
    uintx NonProfiledCodeHeapSize                  = 122945536                              {pd product} {ergonomic}
    uintx ProfiledCodeHeapSize                     = 122880000                              {pd product} {ergonomic}
    uintx ReservedCodeCacheSize                    = 251658240                              {pd product} {ergonomic}
     bool SegmentedCodeCache                       = true                                      {product} {ergonomic}
   size_t SoftMaxHeapSize                          = 1040187392                             {manageable} {ergonomic}
     bool UseCompressedOops                        = true                           {product lp64_product} {ergonomic}
     bool UseG1GC                                  = true                                      {product} {ergonomic}
     bool UseLargePagesIndividualAllocation        = false                                  {pd product} {ergonomic}

Logging:
Log output configuration:
 #0: stdout all=warning uptime,level,tags foldmultilines=false
 #1: stderr all=off uptime,level,tags foldmultilines=false

Environment Variables:
JAVA_HOME=C:\Program Files\Java\jdk-23
PATH=C:\Program Files\Common Files\Oracle\Java\javapath;C:\Python313\Scripts\;C:\Python313\;C:\Python312\Scripts\;C:\Python312\;C:\WINDOWS\system32;C:\WINDOWS;C:\WINDOWS\System32\Wbem;C:\WINDOWS\System32\WindowsPowerShell\v1.0\;C:\WINDOWS\System32\OpenSSH\;C:\ProgramData\chocolatey\bin;C:\Program Files\Git\cmd;C:\Program Files\nodejs\;C:\Users\hi\AppData\Local\Microsoft\WindowsApps;C:\Users\hi\AppData\Local\Programs\Microsoft VS Code\bin;C:\Users\hi\mongosh\;C:\Users\hi\AppData\Local\GitHubDesktop\bin;C:\Users\hi\AppData\Roaming\npm;C:\Users\hi\AppData\Local\Android\Sdk\platform-tools;
USERNAME=hi
OS=Windows_NT
PROCESSOR_IDENTIFIER=Intel64 Family 6 Model 142 Stepping 9, GenuineIntel
TMP=C:\Users\hi\AppData\Local\Temp
TEMP=C:\Users\hi\AppData\Local\Temp




Periodic native trim disabled

---------------  S Y S T E M  ---------------

OS:
 Windows 10 , 64 bit Build 19041 (10.0.19041.5438)
OS uptime: 4 days 18:29 hours

CPU: total 4 (initial active 4) (2 cores per cpu, 2 threads per core) family 6 model 142 stepping 9 microcode 0xb4, cx8, cmov, fxsr, ht, mmx, 3dnowpref, sse, sse2, sse3, ssse3, sse4.1, sse4.2, popcnt, lzcnt, tsc, tscinvbit, avx, avx2, aes, erms, clmul, bmi1, bmi2, adx, fma, vzeroupper, clflush, clflushopt, rdtscp, f16c
Processor Information for processor 0
  Max Mhz: 2701, Current Mhz: 2701, Mhz Limit: 2701
Processor Information for processor 1
  Max Mhz: 2701, Current Mhz: 1500, Mhz Limit: 2701
Processor Information for processor 2
  Max Mhz: 2701, Current Mhz: 2701, Mhz Limit: 2701
Processor Information for processor 3
  Max Mhz: 2701, Current Mhz: 2701, Mhz Limit: 2701

Memory: 4k page, system-wide physical 3962M (97M free)
TotalPageFile size 16250M (AvailPageFile size 90M)
current process WorkingSet (physical memory assigned to process): 80M, peak: 80M
current process commit charge ("private bytes"): 158M, peak: 158M

vm_info: Java HotSpot(TM) 64-Bit Server VM (23.0.2+7-58) for windows-amd64 JRE (23.0.2+7-58), built on 2024-11-29T09:34:55Z with MS VC++ 17.6 (VS2022)

END.
